#
# A fatal error has been detected by the Java Runtime Environment:
#
#  EXCEPTION_ACCESS_VIOLATION (0xc0000005) at pc=0x00000210e81728ad, pid=4484, tid=440
#
# JRE version: Java(TM) SE Runtime Environment (22.0+36) (build 22+36-2370)
# Java VM: Java HotSpot(TM) 64-Bit Server VM (22+36-2370, mixed mode, sharing, tiered, compressed oops, compressed class ptrs, g1 gc, windows-amd64)
# Problematic frame:
# J 1337 c1 java.util.Arrays.copyOf([Ljava/lang/Object;I)[Ljava/lang/Object; java.base@22 (10 bytes) @ 0x00000210e81728ad [0x00000210e8172840+0x000000000000006d]
#
# No core dump will be written. Minidumps are not enabled by default on client versions of Windows
#
# If you would like to submit a bug report, please visit:
#   https://bugreport.java.com/bugreport/crash.jsp
#

---------------  S U M M A R Y ------------

Command Line: -Dfile.encoding=UTF-8 --module-path=C:\Users\Nick\Documents\Ejercicios_Java\Painbal\build\classes Vistas.Login

Host: Intel(R) Core(TM) i3-3220 CPU @ 3.30GHz, 4 cores, 5G,  Windows 10 , 64 bit Build 17763 (10.0.17763.4974)
Time: Fri Jun 21 21:01:46 2024 Hora estándar de Argentina elapsed time: 410.581169 seconds (0d 0h 6m 50s)

---------------  T H R E A D  ---------------

Current thread (0x00000210fb2378e0):  JavaThread "AWT-EventQueue-0"        [_thread_in_Java, id=440, stack(0x000000ed10000000,0x000000ed10100000) (1024K)]

Stack: [0x000000ed10000000,0x000000ed10100000],  sp=0x000000ed100fed60,  free space=1019k
Native frames: (J=compiled Java code, j=interpreted, Vv=VM code, C=native code)
C  0x00000210e81728ad  (no source info available)

The last pc belongs to nmethod (printed below).

siginfo: EXCEPTION_ACCESS_VIOLATION (0xc0000005), reading address 0x00000210a0ec83b8


Registers:
RAX=0x00000210803e4888, RBX=0x00000210803e4888, RCX=0xfffffffffffffff4, RDX=0x00000210efadca40
RSP=0x000000ed100fed60, RBP=0x000000ed100fee08, RSI=0x00000210c1111600, RDI=0x0000000000000148
R8 =0x00000000207f8141, R9 =0x00000210a0ec8348, R10=0x0000021080000000, R11=0x00000210e8172840
R12=0x0000000000000000, R13=0x000000ed100feda8, R14=0x000000ed100fee48, R15=0x00000210fb2378e0
RIP=0x00000210e81728ad, EFLAGS=0x0000000000010206


Register to memory mapping:

RAX={method} {0x00000210803e4890} 'copyOf' '([Ljava/lang/Object;I)[Ljava/lang/Object;' in 'java/util/Arrays'
RBX={method} {0x00000210803e4890} 'copyOf' '([Ljava/lang/Object;I)[Ljava/lang/Object;' in 'java/util/Arrays'
RCX=0xfffffffffffffff4 is an unknown value
RDX=0x00000210efadca40 is at entry_point+32 in (nmethod*)0x00000210efadc890
Compiled method (c2) 410700 1641       4       java.lang.String::equals (56 bytes)
 total in heap  [0x00000210efadc890,0x00000210efadcc40] = 944
 relocation     [0x00000210efadc9e8,0x00000210efadca08] = 32
 main code      [0x00000210efadca20,0x00000210efadcbc8] = 424
 stub code      [0x00000210efadcbc8,0x00000210efadcbe0] = 24
 metadata       [0x00000210efadcbe0,0x00000210efadcbf0] = 16
 scopes data    [0x00000210efadcbf0,0x00000210efadcc08] = 24
 scopes pcs     [0x00000210efadcc08,0x00000210efadcc38] = 48
 dependencies   [0x00000210efadcc38,0x00000210efadcc40] = 8
RSP=0x000000ed100fed60 is pointing into the stack for thread: 0x00000210fb2378e0
RBP=0x000000ed100fee08 is pointing into the stack for thread: 0x00000210fb2378e0
RSI=0x00000210c1111600 is pointing into metadata
RDI=0x0000000000000148 is an unknown value
R8 =0x00000000207f8141 is an unknown value
R9 =0x00000210a0ec8348 is an unknown value
R10=0x0000021080000000 is pointing into metadata
R11=0x00000210e8172840 is at entry_point+0 in (nmethod*)0x00000210e8172690
Compiled method (c1) 410738 1337       3       java.util.Arrays::copyOf (10 bytes)
 total in heap  [0x00000210e8172690,0x00000210e8172a20] = 912
 relocation     [0x00000210e81727e8,0x00000210e8172828] = 64
 main code      [0x00000210e8172840,0x00000210e8172950] = 272
 stub code      [0x00000210e8172950,0x00000210e8172990] = 64
 metadata       [0x00000210e8172990,0x00000210e8172998] = 8
 scopes data    [0x00000210e8172998,0x00000210e81729b8] = 32
 scopes pcs     [0x00000210e81729b8,0x00000210e8172a08] = 80
 dependencies   [0x00000210e8172a08,0x00000210e8172a10] = 8
 nul chk table  [0x00000210e8172a10,0x00000210e8172a20] = 16
R12=0x0 is null
R13=0x000000ed100feda8 is pointing into the stack for thread: 0x00000210fb2378e0
R14=0x000000ed100fee48 is pointing into the stack for thread: 0x00000210fb2378e0
R15=0x00000210fb2378e0 is a thread

Top of Stack: (sp=0x000000ed100fed60)
0x000000ed100fed60:   fffffffffffffff7 00000210c10b9eb1
0x000000ed100fed70:   0000000000000002 00000210c133dfd8
0x000000ed100fed80:   0000000000000000 00000000a366eb38
0x000000ed100fed90:   000000ed100fee08 00000210ef4a8a5a
0x000000ed100feda0:   00000210ef4a8a5a 00000000207f8141
0x000000ed100fedb0:   00000210efadca40 00000000a6408fc8
0x000000ed100fedc0:   fffffffffffffff7 00000210c152df38
0x000000ed100fedd0:   0000000000000008 00000210c1531898
0x000000ed100fede0:   0000000000000000 00000000a36df150
0x000000ed100fedf0:   00000210c152dfd0 fffffffffffffff4
0x000000ed100fee00:   000000ed100fee18 000000ed100feea0
0x000000ed100fee10:   00000210ef4a88c0 00007ffd555f40ac
0x000000ed100fee20:   00000210efadca40 0000000000000009
0x000000ed100fee30:   00000000a3872e40 0000000000000000
0x000000ed100fee40:   00000000a09622e0 00000000a6408fc8
0x000000ed100fee50:   00000000a6408fc8 fffffffffffffff7
0x000000ed100fee60:   00000210c152bdf6 000000000000000f
0x000000ed100fee70:   00000210c1531898 00000210c1d82890
0x000000ed100fee80:   00000000a36df150 00000210c152bf50
0x000000ed100fee90:   ffffffffffffffef 000000ed100fef20
0x000000ed100feea0:   00000000a39fe730 00000210efcae3a4
0x000000ed100feeb0:   0000000000000000 0000000000000000
0x000000ed100feec0:   0000000000000000 0000000000000000
0x000000ed100feed0:   0000000000000000 0000000000000000
0x000000ed100feee0:   00007ffd555f40ac 00000210efadca40
0x000000ed100feef0:   0000000000000009 0000000000000000
0x000000ed100fef00:   00000000a3872e40 00000000a2d011b0
0x000000ed100fef10:   00000000a09622e0 000000ed100fee58
0x000000ed100fef20:   00000210efadca40 00007ffd555f40ac
0x000000ed100fef30:   00000210fb2378e0 000000ed100fefb0
0x000000ed100fef40:   0000000000000001 0000001c00000037
0x000000ed100fef50:   00000000a39fe730 0000001c00000168 

Instructions: (pc=0x00000210e81728ad)
0x00000210e81727ad:   03 00 00 78 03 00 00 80 03 00 00 80 03 00 00 90
0x00000210e81727bd:   03 00 00 90 03 00 00 90 03 00 00 20 00 00 00 39
0x00000210e81727cd:   05 00 00 02 00 00 00 ff ff ff ff ff ff ff ff 03
0x00000210e81727dd:   06 00 00 00 00 00 00 08 00 00 00 16 31 05 60 2f
0x00000210e81727ed:   60 2a 60 13 21 05 80 0d 58 0e 60 17 31 0a 31 34
0x00000210e81727fd:   78 05 40 11 31 27 31 0b 00 01 7c 79 ff 00 28 00
0x00000210e817280d:   60 0a 31 05 31 03 7c 37 55 c0 28 fd 7f 05 38 0e
0x00000210e817281d:   30 01 7c 46 ff 0d 48 0c 31 00 00 00 00 00 00 00
0x00000210e817282d:   00 00 00 00 00 00 00 00 00 00 00 00 00 00 00 00
0x00000210e817283d:   00 00 00 89 84 24 00 80 ff ff 55 48 83 ec 30 41
0x00000210e817284d:   81 7f 20 08 00 00 00 74 05 e8 85 25 36 07 49 b9
0x00000210e817285d:   00 16 11 c1 10 02 00 00 41 8b b1 cc 00 00 00 83
0x00000210e817286d:   c6 02 41 89 b1 cc 00 00 00 81 e6 fe 07 00 00 85
0x00000210e817287d:   f6 0f 84 63 00 00 00 48 3b 02 4c 8b ca 48 be 00
0x00000210e817288d:   16 11 c1 10 02 00 00 48 83 86 18 01 00 00 01 44
0x00000210e817289d:   8b 4a 08 49 ba 00 00 00 80 10 02 00 00 4d 03 ca
0x00000210e81728ad:   4d 8b 49 70 4d 8b 09 48 be 00 16 11 c1 10 02 00
0x00000210e81728bd:   00 48 83 86 48 01 00 00 01 90 e8 f4 9c a3 07 0f
0x00000210e81728cd:   1f 84 00 3c 02 00 00 48 83 c4 30 5d 49 3b a7 58
0x00000210e81728dd:   04 00 00 0f 87 27 00 00 00 c3 49 ba 88 48 3e 80
0x00000210e81728ed:   10 02 00 00 4c 89 54 24 08 48 c7 04 24 ff ff ff
0x00000210e81728fd:   ff e8 fd 4e 44 07 e9 7c ff ff ff e8 f3 ef 43 07
0x00000210e817290d:   49 ba d9 28 17 e8 10 02 00 00 4d 89 97 70 04 00
0x00000210e817291d:   00 e9 dd 2d 38 07 49 8b 87 08 05 00 00 49 c7 87
0x00000210e817292d:   08 05 00 00 00 00 00 00 49 c7 87 10 05 00 00 00
0x00000210e817293d:   00 00 00 48 83 c4 30 5d e9 b6 e0 43 07 f4 f4 f4
0x00000210e817294d:   f4 f4 f4 48 bb 00 00 00 00 00 00 00 00 e9 fb ff
0x00000210e817295d:   ff ff e8 1c 17 44 07 48 b9 c0 28 37 55 fd 7f 00
0x00000210e817296d:   00 48 83 e4 f0 48 b8 90 95 fe 54 fd 7f 00 00 ff
0x00000210e817297d:   d0 f4 49 ba 7f 29 17 e8 10 02 00 00 41 52 e9 10
0x00000210e817298d:   20 38 07 88 48 3e 80 10 02 00 00 ff 03 01 01 01
0x00000210e817299d:   01 01 02 08 02 01 01 03 01 93 01 d4 06 01 02 01 


Stack slot to memory mapping:

stack at sp + 0 slots: 0xfffffffffffffff7 is an unknown value
stack at sp + 1 slots: 0x00000210c10b9eb1 is pointing into metadata
stack at sp + 2 slots: 0x0000000000000002 is an unknown value
stack at sp + 3 slots: 0x00000210c133dfd8 is pointing into metadata
stack at sp + 4 slots: 0x0 is null
stack at sp + 5 slots: 0x00000000a366eb38 is an oop: java.lang.Class 
{0x00000000a366eb38} - klass: 'java/lang/Class'
 - ---- fields (total size 39 words):
 - private volatile transient 'classRedefinedCount' 'I' @12  0 (0x00000000)
 - injected 'klass' 'J' @16  2269907305456 (0x000002108104c3f0)
 - injected 'array_klass' 'J' @24  0 (0x0000000000000000)
 - injected 'oop_size' 'I' @32  39 (0x00000027)
 - injected 'static_oop_field_count' 'I' @36  14 (0x0000000e)
 - private volatile transient 'cachedConstructor' 'Ljava/lang/reflect/Constructor;' @40  null (0x00000000)
 - private transient 'name' 'Ljava/lang/String;' @44  "javax.swing.JComponent"{0x00000000a366efb0} (0xa366efb0)
 - private transient 'module' 'Ljava/lang/Module;' @48  a 'java/lang/Module'{0x00000000a363aff8} (0xa363aff8)
 - private final 'classLoader' 'Ljava/lang/ClassLoader;' @52  null (0x00000000)
 - private transient 'classData' 'Ljava/lang/Object;' @56  null (0x00000000)
 - private transient 'packageName' 'Ljava/lang/String;' @60  null (0x00000000)
 - private final 'componentType' 'Ljava/lang/Class;' @64  null (0x00000000)
 - private volatile transient 'reflectionData' 'Ljava/lang/ref/SoftReference;' @68  a 'java/lang/ref/SoftReference'{0x00000000a366eff0} (0xa366eff0)
 - private volatile transient 'genericInfo' 'Lsun/reflect/generics/repository/ClassRepository;' @72  null (0x00000000)
 - private volatile transient 'enumConstants' '[Ljava/lang/Object;' @76  null (0x00000000)
 - private volatile transient 'enumConstantDirectory' 'Ljava/util/Map;' @80  null (0x00000000)
 - private volatile transient 'annotationData' 'Ljava/lang/Class$AnnotationData;' @84  null (0x00000000)
 - private volatile transient 'annotationType' 'Lsun/reflect/annotation/AnnotationType;' @88  null (0x00000000)
 - transient 'classValueMap' 'Ljava/lang/ClassValue$ClassValueMap;' @92  null (0x00000000)
 - injected 'protection_domain' 'Ljava/lang/Object;' @96  null (0x00000000)
 - injected 'signers_name' 'Ljava/lang/Object;' @100  null (0x00000000)
 - injected 'source_file' 'Ljava/lang/Object;' @104  null (0x00000000)
 - signature: Ljavax/swing/JComponent;
 - ---- static fields (14):
 - private static final 'uiClassID' 'Ljava/lang/String;' @112  "ComponentUI"{0x00000000a366ef78} (0xa366ef78)
 - private static final 'readObjectCallbacks' 'Ljava/util/Hashtable;' @116  a 'java/util/Hashtable'{0x00000000a366ef30} (0xa366ef30)
 - private static 'managingFocusForwardTraversalKeys' 'Ljava/util/Set;' @120  null (0x00000000)
 - private static 'managingFocusBackwardTraversalKeys' 'Ljava/util/Set;' @124  null (0x00000000)
 - private static final 'NOT_OBSCURED' 'I' @168  0 (0x00000000)
 - private static final 'PARTIALLY_OBSCURED' 'I' @172  1 (0x00000001)
 - private static final 'COMPLETELY_OBSCURED' 'I' @176  2 (0x00000002)
 - static 'DEBUG_GRAPHICS_LOADED' 'Z' @304  false (0x00)
 - private static final 'INPUT_VERIFIER_SOURCE_KEY' 'Ljava/lang/Object;' @128  a 'java/lang/StringBuilder'{0x00000000a366eee0} (0xa366eee0)
 - public static final 'WHEN_FOCUSED' 'I' @180  0 (0x00000000)
 - public static final 'WHEN_ANCESTOR_OF_FOCUSED_COMPONENT' 'I' @184  1 (0x00000001)
 - public static final 'WHEN_IN_FOCUSED_WINDOW' 'I' @188  2 (0x00000002)
 - public static final 'UNDEFINED_CONDITION' 'I' @192  -1 (0xffffffff)
 - private static final 'KEYBOARD_BINDINGS_KEY' 'Ljava/lang/String;' @132  "_KeyboardBindings"{0x00000000a366eea0} (0xa366eea0)
 - private static final 'WHEN_IN_FOCUSED_WINDOW_BINDINGS' 'Ljava/lang/String;' @136  "_WhenInFocusedWindow"{0x00000000a366ee60} (0xa366ee60)
 - public static final 'TOOL_TIP_TEXT_KEY' 'Ljava/lang/String;' @140  "ToolTipText"{0x00000000a366ee28} (0xa366ee28)
 - private static final 'NEXT_FOCUS' 'Ljava/lang/String;' @144  "nextFocus"{0x00000000a366edf0} (0xa366edf0)
 - private static final 'IS_DOUBLE_BUFFERED' 'I' @196  0 (0x00000000)
 - private static final 'ANCESTOR_USING_BUFFER' 'I' @200  1 (0x00000001)
 - private static final 'IS_PAINTING_TILE' 'I' @204  2 (0x00000002)
 - private static final 'IS_OPAQUE' 'I' @208  3 (0x00000003)
 - private static final 'KEY_EVENTS_ENABLED' 'I' @212  4 (0x00000004)
 - private static final 'FOCUS_INPUTMAP_CREATED' 'I' @216  5 (0x00000005)
 - private static final 'ANCESTOR_INPUTMAP_CREATED' 'I' @220  6 (0x00000006)
 - private static final 'WIF_INPUTMAP_CREATED' 'I' @224  7 (0x00000007)
 - private static final 'ACTIONMAP_CREATED' 'I' @228  8 (0x00000008)
 - private static final 'CREATED_DOUBLE_BUFFER' 'I' @232  9 (0x00000009)
 - private static final 'IS_PRINTING' 'I' @236  11 (0x0000000b)
 - private static final 'IS_PRINTING_ALL' 'I' @240  12 (0x0000000c)
 - private static final 'IS_REPAINTING' 'I' @244  13 (0x0000000d)
 - private static final 'WRITE_OBJ_COUNTER_FIRST' 'I' @248  14 (0x0000000e)
 - private static final 'RESERVED_1' 'I' @252  15 (0x0000000f)
 - private static final 'RESERVED_2' 'I' @256  16 (0x00000010)
 - private static final 'RESERVED_3' 'I' @260  17 (0x00000011)
 - private static final 'RESERVED_4' 'I' @264  18 (0x00000012)
 - private static final 'RESERVED_5' 'I' @268  19 (0x00000013)
 - private static final 'RESERVED_6' 'I' @272  20 (0x00000014)
 - private static final 'WRITE_OBJ_COUNTER_LAST' 'I' @276  21 (0x00000015)
 - private static final 'REQUEST_FOCUS_DISABLED' 'I' @280  22 (0x00000016)
 - private static final 'INHERITS_POPUP_MENU' 'I' @284  23 (0x00000017)
 - private static final 'OPAQUE_SET' 'I' @288  24 (0x00000018)
 - private static final 'AUTOSCROLLS_SET' 'I' @292  25 (0x00000019)
 - private static final 'FOCUS_TRAVERSAL_KEYS_FORWARD_SET' 'I' @296  26 (0x0000001a)
 - private static final 'FOCUS_TRAVERSAL_KEYS_BACKWARD_SET' 'I' @300  27 (0x0000001b)
 - private static 'tempRectangles' 'Ljava/util/List;' @148  a 'java/util/ArrayList'{0x00000000a366ed18} (0xa366ed18)
 - private static final 'defaultLocale' 'Ljava/lang/String;' @152  "JComponent.defaultLocale"{0x00000000a366ecd8} (0xa366ecd8)
 - private static 'componentObtainingGraphicsFrom' 'Ljava/awt/Component;' @156  null (0x00000000)
 - private static 'componentObtainingGraphicsFromLock' 'Ljava/lang/Object;' @160  a 'java/lang/StringBuilder'{0x00000000a366ec80} (0xa366ec80)
 - static final 'focusController' 'Lsun/awt/RequestFocusController;' @164  a 'javax/swing/JComponent$2'{0x00000000a366ec70} (0xa366ec70)
stack at sp + 6 slots: 0x000000ed100fee08 is pointing into the stack for thread: 0x00000210fb2378e0
stack at sp + 7 slots: 0x00000210ef4a8a5a is at code_begin+1690 in an Interpreter codelet
return entry points  [0x00000210ef4a83c0, 0x00000210ef4a9050]  3216 bytes


Compiled method (c1) 410785 1337       3       java.util.Arrays::copyOf (10 bytes)
 total in heap  [0x00000210e8172690,0x00000210e8172a20] = 912
 relocation     [0x00000210e81727e8,0x00000210e8172828] = 64
 main code      [0x00000210e8172840,0x00000210e8172950] = 272
 stub code      [0x00000210e8172950,0x00000210e8172990] = 64
 metadata       [0x00000210e8172990,0x00000210e8172998] = 8
 scopes data    [0x00000210e8172998,0x00000210e81729b8] = 32
 scopes pcs     [0x00000210e81729b8,0x00000210e8172a08] = 80
 dependencies   [0x00000210e8172a08,0x00000210e8172a10] = 8
 nul chk table  [0x00000210e8172a10,0x00000210e8172a20] = 16

[Constant Pool (empty)]

[MachCode]
[Verified Entry Point]
  # {method} {0x00000210803e4890} 'copyOf' '([Ljava/lang/Object;I)[Ljava/lang/Object;' in 'java/util/Arrays'
  # parm0:    rdx:rdx   = '[Ljava/lang/Object;'
  # parm1:    r8        = int
  #           [sp+0x40]  (sp of caller)
  0x00000210e8172840: 8984 2400 | 80ff ff55 | 4883 ec30 | 4181 7f20 | 0800 0000 

  0x00000210e8172854: ;   {runtime_call StubRoutines (final stubs)}
  0x00000210e8172854: 7405 e885 

  0x00000210e8172858: ;   {metadata(method data for {method} {0x00000210803e4890} 'copyOf' '([Ljava/lang/Object;I)[Ljava/lang/Object;' in 'java/util/Arrays')}
  0x00000210e8172858: 2536 0749 | b900 1611 | c110 0200 | 0041 8bb1 | cc00 0000 | 83c6 0241 | 89b1 cc00 | 0000 81e6 
  0x00000210e8172878: fe07 0000 | 85f6 0f84 | 6300 0000 

  0x00000210e8172884: ; implicit exception: dispatches to 0x00000210e8172908
  0x00000210e8172884: 483b 024c 

  0x00000210e8172888: ;   {metadata(method data for {method} {0x00000210803e4890} 'copyOf' '([Ljava/lang/Object;I)[Ljava/lang/Object;' in 'java/util/Arrays')}
  0x00000210e8172888: 8bca 48be | 0016 11c1 | 1002 0000 | 4883 8618 | 0100 0001 | 448b 4a08 | 49ba 0000 | 0080 1002 
  0x00000210e81728a8: 0000 4d03 | ca4d 8b49 | 704d 8b09 

  0x00000210e81728b4: ;   {metadata(method data for {method} {0x00000210803e4890} 'copyOf' '([Ljava/lang/Object;I)[Ljava/lang/Object;' in 'java/util/Arrays')}
  0x00000210e81728b4: 48be 0016 | 11c1 1002 | 0000 4883 | 8648 0100 

  0x00000210e81728c4: ;   {static_call}
  0x00000210e81728c4: 0001 90e8 

  0x00000210e81728c8: ; ImmutableOopMap {}
                      ;*invokestatic copyOf {reexecute=0 rethrow=0 return_oop=0}
                      ; - java.util.Arrays::copyOf@6 (line 3481)
  0x00000210e81728c8: f49c a307 

  0x00000210e81728cc: ;   {other}
  0x00000210e81728cc: 0f1f 8400 | 3c02 0000 | 4883 c430 

  0x00000210e81728d8: ;   {poll_return}
  0x00000210e81728d8: 5d49 3ba7 | 5804 0000 | 0f87 2700 

  0x00000210e81728e4: ;   {metadata({method} {0x00000210803e4890} 'copyOf' '([Ljava/lang/Object;I)[Ljava/lang/Object;' in 'java/util/Arrays')}
  0x00000210e81728e4: 0000 c349 | ba88 483e | 8010 0200 | 004c 8954 | 2408 48c7 | 0424 ffff 

  0x00000210e81728fc: ;   {runtime_call counter_overflow Runtime1 stub}
  0x00000210e81728fc: ffff e8fd 

  0x00000210e8172900: ; ImmutableOopMap {rdx=Oop }
                      ;*synchronization entry
                      ; - java.util.Arrays::copyOf@-1 (line 3481)
  0x00000210e8172900: 4e44 07e9 | 7cff ffff 

  0x00000210e8172908: ;   {runtime_call throw_null_pointer_exception Runtime1 stub}
  0x00000210e8172908: e8f3 ef43 

  0x00000210e817290c: ; ImmutableOopMap {rdx=Oop }
                      ;*invokevirtual getClass {reexecute=0 rethrow=0 return_oop=0}
                      ; - java.util.Arrays::copyOf@3 (line 3481)
                      ;   {internal_word}
  0x00000210e817290c: 0749 bad9 | 2817 e810 | 0200 004d | 8997 7004 

  0x00000210e817291c: ;   {runtime_call SafepointBlob}
  0x00000210e817291c: 0000 e9dd | 2d38 0749 | 8b87 0805 | 0000 49c7 | 8708 0500 | 0000 0000 | 0049 c787 | 1005 0000 
  0x00000210e817293c: 0000 0000 | 4883 c430 

  0x00000210e8172944: ;   {runtime_call unwind_exception Runtime1 stub}
  0x00000210e8172944: 5de9 b6e0 | 4307 f4f4 | f4f4 f4f4 
[Stub Code]
  0x00000210e8172950: ;   {no_reloc}
  0x00000210e8172950: 48bb 0000 | 0000 0000 

  0x00000210e8172958: ;   {runtime_call}
  0x00000210e8172958: 0000 e9fb 

  0x00000210e817295c: ;   {runtime_call handle_exception_from_callee Runtime1 stub}
  0x00000210e817295c: ffff ffe8 | 1c17 4407 

  0x00000210e8172964: ;   {external_word}
  0x00000210e8172964: 48b9 c028 | 3755 fd7f | 0000 4883 

  0x00000210e8172970: ;   {runtime_call}
  0x00000210e8172970: e4f0 48b8 | 9095 fe54 | fd7f 0000 

  0x00000210e817297c: ;   {section_word}
  0x00000210e817297c: ffd0 f449 | ba7f 2917 | e810 0200 

  0x00000210e8172988: ;   {runtime_call DeoptimizationBlob}
  0x00000210e8172988: 0041 52e9 | 1020 3807 
[/MachCode]


---------------  P R O C E S S  ---------------

Threads class SMR info:
_java_thread_list=0x00000210c5b97a40, length=30, elements={
0x00000210fb21e410, 0x00000210fb21ef40, 0x00000210fb221fd0, 0x00000210fb224750,
0x00000210fb227de0, 0x00000210fb23a040, 0x00000210fb22cb90, 0x00000210fb22d250,
0x00000210fb238c90, 0x00000210fb2399b0, 0x00000210fb239320, 0x00000210fb23a6d0,
0x00000210fb237250, 0x00000210fb2378e0, 0x00000210fb238600, 0x00000210c6021dd0,
0x00000210c6023ea0, 0x00000210c6020390, 0x00000210c6022af0, 0x00000210c6024530,
0x00000210c6026c90, 0x00000210c60279b0, 0x00000210c60210b0, 0x00000210c6023180,
0x00000210c60258e0, 0x00000210c6025250, 0x00000210c6023810, 0x00000210c6027320,
0x00000210c6025f70, 0x00000210c80b95a0
}

Java Threads: ( => current thread )
  0x00000210fb21e410 JavaThread "Reference Handler"          daemon [_thread_blocked, id=3280, stack(0x000000ed0f300000,0x000000ed0f400000) (1024K)]
  0x00000210fb21ef40 JavaThread "Finalizer"                  daemon [_thread_blocked, id=7008, stack(0x000000ed0f400000,0x000000ed0f500000) (1024K)]
  0x00000210fb221fd0 JavaThread "Signal Dispatcher"          daemon [_thread_blocked, id=6924, stack(0x000000ed0f500000,0x000000ed0f600000) (1024K)]
  0x00000210fb224750 JavaThread "Attach Listener"            daemon [_thread_blocked, id=5396, stack(0x000000ed0f600000,0x000000ed0f700000) (1024K)]
  0x00000210fb227de0 JavaThread "Service Thread"             daemon [_thread_blocked, id=3908, stack(0x000000ed0f700000,0x000000ed0f800000) (1024K)]
  0x00000210fb23a040 JavaThread "Monitor Deflation Thread"   daemon [_thread_blocked, id=3804, stack(0x000000ed0f800000,0x000000ed0f900000) (1024K)]
  0x00000210fb22cb90 JavaThread "C2 CompilerThread0"         daemon [_thread_blocked, id=6964, stack(0x000000ed0f900000,0x000000ed0fa00000) (1024K)]
  0x00000210fb22d250 JavaThread "C1 CompilerThread0"         daemon [_thread_blocked, id=1616, stack(0x000000ed0fa00000,0x000000ed0fb00000) (1024K)]
  0x00000210fb238c90 JavaThread "Common-Cleaner"             daemon [_thread_blocked, id=2496, stack(0x000000ed0fb00000,0x000000ed0fc00000) (1024K)]
  0x00000210fb2399b0 JavaThread "Notification Thread"        daemon [_thread_blocked, id=1760, stack(0x000000ed0fc00000,0x000000ed0fd00000) (1024K)]
  0x00000210fb239320 JavaThread "Java2D Disposer"            daemon [_thread_blocked, id=6252, stack(0x000000ed0fd00000,0x000000ed0fe00000) (1024K)]
  0x00000210fb23a6d0 JavaThread "AWT-Shutdown"                      [_thread_blocked, id=2844, stack(0x000000ed0fe00000,0x000000ed0ff00000) (1024K)]
  0x00000210fb237250 JavaThread "AWT-Windows"                daemon [_thread_in_native, id=5504, stack(0x000000ed0ff00000,0x000000ed10000000) (1024K)]
=>0x00000210fb2378e0 JavaThread "AWT-EventQueue-0"                  [_thread_in_Java, id=440, stack(0x000000ed10000000,0x000000ed10100000) (1024K)]
  0x00000210fb238600 JavaThread "DestroyJavaVM"                     [_thread_blocked, id=6328, stack(0x000000ed0eb00000,0x000000ed0ec00000) (1024K)]
  0x00000210c6021dd0 JavaThread "Image Animator 3"           daemon [_thread_blocked, id=5732, stack(0x000000ed10100000,0x000000ed10200000) (1024K)]
  0x00000210c6023ea0 JavaThread "Java Sound Event Dispatcher" daemon [_thread_blocked, id=6604, stack(0x000000ed10700000,0x000000ed10800000) (1024K)]
  0x00000210c6020390 JavaThread "Thread-0"                          [_thread_blocked, id=2528, stack(0x000000ed10b00000,0x000000ed10c00000) (1024K)]
  0x00000210c6022af0 JavaThread "D3D Screen Updater"         daemon [_thread_blocked, id=7148, stack(0x000000ed10c00000,0x000000ed10d00000) (1024K)]
  0x00000210c6024530 JavaThread "TimerQueue"                 daemon [_thread_blocked, id=6592, stack(0x000000ed11200000,0x000000ed11300000) (1024K)]
  0x00000210c6026c90 JavaThread "Thread-1"                          [_thread_blocked, id=4952, stack(0x000000ed11400000,0x000000ed11500000) (1024K)]
  0x00000210c60279b0 JavaThread "mysql-cj-abandoned-connection-cleanup" daemon [_thread_blocked, id=5904, stack(0x000000ed10800000,0x000000ed10900000) (1024K)]
  0x00000210c60210b0 JavaThread "Thread-2"                          [_thread_blocked, id=6660, stack(0x000000ed11300000,0x000000ed11400000) (1024K)]
  0x00000210c6023180 JavaThread "Thread-4"                          [_thread_blocked, id=4656, stack(0x000000ed10900000,0x000000ed10a00000) (1024K)]
  0x00000210c60258e0 JavaThread "Thread-5"                          [_thread_blocked, id=6940, stack(0x000000ed10a00000,0x000000ed10b00000) (1024K)]
  0x00000210c6025250 JavaThread "Thread-6"                          [_thread_blocked, id=1148, stack(0x000000ed11100000,0x000000ed11200000) (1024K)]
  0x00000210c6023810 JavaThread "Thread-7"                          [_thread_blocked, id=7080, stack(0x000000ed10400000,0x000000ed10500000) (1024K)]
  0x00000210c6027320 JavaThread "Thread-8"                          [_thread_blocked, id=5744, stack(0x000000ed11600000,0x000000ed11700000) (1024K)]
  0x00000210c6025f70 JavaThread "Thread-9"                          [_thread_blocked, id=6220, stack(0x000000ed11500000,0x000000ed11600000) (1024K)]
  0x00000210c80b95a0 JavaThread "Thread-10"                         [_thread_blocked, id=5740, stack(0x000000ed11700000,0x000000ed11800000) (1024K)]
Total: 30

Other Threads:
  0x00000210fb205720 VMThread "VM Thread"                           [id=5712, stack(0x000000ed0f200000,0x000000ed0f300000) (1024K)]
  0x00000210fb1ebf30 WatcherThread "VM Periodic Task Thread"        [id=4688, stack(0x000000ed0f100000,0x000000ed0f200000) (1024K)]
  0x00000210dfc6ac30 WorkerThread "GC Thread#0"                     [id=960, stack(0x000000ed0ec00000,0x000000ed0ed00000) (1024K)]
  0x00000210c7983760 WorkerThread "GC Thread#1"                     [id=2516, stack(0x000000ed10d00000,0x000000ed10e00000) (1024K)]
  0x00000210c7983b10 WorkerThread "GC Thread#2"                     [id=340, stack(0x000000ed10e00000,0x000000ed10f00000) (1024K)]
  0x00000210c7983ec0 WorkerThread "GC Thread#3"                     [id=644, stack(0x000000ed10f00000,0x000000ed11000000) (1024K)]
  0x00000210dfc77c80 ConcurrentGCThread "G1 Main Marker"            [id=3708, stack(0x000000ed0ed00000,0x000000ed0ee00000) (1024K)]
  0x00000210dfc79260 WorkerThread "G1 Conc#0"                       [id=6408, stack(0x000000ed0ee00000,0x000000ed0ef00000) (1024K)]
  0x00000210fb0b7500 ConcurrentGCThread "G1 Refine#0"               [id=6928, stack(0x000000ed0ef00000,0x000000ed0f000000) (1024K)]
  0x00000210fb0b9bb0 ConcurrentGCThread "G1 Service"                [id=6912, stack(0x000000ed0f000000,0x000000ed0f100000) (1024K)]
Total: 10

Threads with active compile tasks:
Total: 0

VM state: not at safepoint (normal execution)

VM Mutex/Monitor currently owned by a thread: None

Heap address: 0x00000000a0800000, size: 1528 MB, Compressed Oops mode: 32-bit

CDS archive(s) mapped at: [0x0000021080000000-0x0000021080c60000-0x0000021080c60000), size 12976128, SharedBaseAddress: 0x0000021080000000, ArchiveRelocationMode: 1.
Compressed class space mapped at: 0x0000021081000000-0x00000210c1000000, reserved size: 1073741824
Narrow klass base: 0x0000021080000000, Narrow klass shift: 0, Narrow klass range: 0x41000000

GC Precious Log:
 CardTable entry size: 512
 Card Set container configuration: InlinePtr #cards 5 size 8 Array Of Cards #cards 12 size 40 Howl #buckets 4 coarsen threshold 1843 Howl Bitmap #cards 512 size 80 coarsen threshold 460 Card regions per heap region 1 cards per card region 2048
 CPUs: 4 total, 4 available
 Memory: 6107M
 Large Page Support: Disabled
 NUMA Support: Disabled
 Compressed Oops: Enabled (32-bit)
 Heap Region Size: 1M
 Heap Min Capacity: 8M
 Heap Initial Capacity: 96M
 Heap Max Capacity: 1528M
 Pre-touch: Disabled
 Parallel Workers: 4
 Concurrent Workers: 1
 Concurrent Refinement Workers: 4
 Periodic GC: Disabled

Heap:
 garbage-first heap   total reserved 1564672K, committed 131072K, used 53938K [0x00000000a0800000, 0x0000000100000000)
  region size 1024K, 38 young (38912K), 1 survivors (1024K)
 Metaspace       used 15328K, committed 15616K, reserved 1114112K
  class space    used 1634K, committed 1792K, reserved 1048576K

Heap Regions: E=young(eden), S=young(survivor), O=old, HS=humongous(starts), HC=humongous(continues), CS=collection set, F=free, TAMS=top-at-mark-start, PB=parsable bottom
|   0|0x00000000a0800000, 0x00000000a0900000, 0x00000000a0900000|100%| O|  |TAMS 0x00000000a0800000| PB 0x00000000a0800000| Untracked |  0
|   1|0x00000000a0900000, 0x00000000a0a00000, 0x00000000a0a00000|100%| O|  |TAMS 0x00000000a0900000| PB 0x00000000a0900000| Untracked |  0
|   2|0x00000000a0a00000, 0x00000000a0a3f2d0, 0x00000000a0b00000| 24%| O|  |TAMS 0x00000000a0a00000| PB 0x00000000a0a00000| Untracked |  0
|   3|0x00000000a0b00000, 0x00000000a0b00000, 0x00000000a0c00000|  0%| F|  |TAMS 0x00000000a0b00000| PB 0x00000000a0b00000| Untracked |  0
|   4|0x00000000a0c00000, 0x00000000a0c00000, 0x00000000a0d00000|  0%| F|  |TAMS 0x00000000a0c00000| PB 0x00000000a0c00000| Untracked |  0
|   5|0x00000000a0d00000, 0x00000000a0d00000, 0x00000000a0e00000|  0%| F|  |TAMS 0x00000000a0d00000| PB 0x00000000a0d00000| Untracked |  0
|   6|0x00000000a0e00000, 0x00000000a0e00000, 0x00000000a0f00000|  0%| F|  |TAMS 0x00000000a0e00000| PB 0x00000000a0e00000| Untracked |  0
|   7|0x00000000a0f00000, 0x00000000a0f00000, 0x00000000a1000000|  0%| F|  |TAMS 0x00000000a0f00000| PB 0x00000000a0f00000| Untracked |  0
|   8|0x00000000a1000000, 0x00000000a1000000, 0x00000000a1100000|  0%| F|  |TAMS 0x00000000a1000000| PB 0x00000000a1000000| Untracked |  0
|   9|0x00000000a1100000, 0x00000000a1100000, 0x00000000a1200000|  0%| F|  |TAMS 0x00000000a1100000| PB 0x00000000a1100000| Untracked |  0
|  10|0x00000000a1200000, 0x00000000a1200000, 0x00000000a1300000|  0%| F|  |TAMS 0x00000000a1200000| PB 0x00000000a1200000| Untracked |  0
|  11|0x00000000a1300000, 0x00000000a1300000, 0x00000000a1400000|  0%| F|  |TAMS 0x00000000a1300000| PB 0x00000000a1300000| Untracked |  0
|  12|0x00000000a1400000, 0x00000000a1400000, 0x00000000a1500000|  0%| F|  |TAMS 0x00000000a1400000| PB 0x00000000a1400000| Untracked |  0
|  13|0x00000000a1500000, 0x00000000a1500000, 0x00000000a1600000|  0%| F|  |TAMS 0x00000000a1500000| PB 0x00000000a1500000| Untracked |  0
|  14|0x00000000a1600000, 0x00000000a1600000, 0x00000000a1700000|  0%| F|  |TAMS 0x00000000a1600000| PB 0x00000000a1600000| Untracked |  0
|  15|0x00000000a1700000, 0x00000000a1700000, 0x00000000a1800000|  0%| F|  |TAMS 0x00000000a1700000| PB 0x00000000a1700000| Untracked |  0
|  16|0x00000000a1800000, 0x00000000a1800000, 0x00000000a1900000|  0%| F|  |TAMS 0x00000000a1800000| PB 0x00000000a1800000| Untracked |  0
|  17|0x00000000a1900000, 0x00000000a1900000, 0x00000000a1a00000|  0%| F|  |TAMS 0x00000000a1900000| PB 0x00000000a1900000| Untracked |  0
|  18|0x00000000a1a00000, 0x00000000a1a00000, 0x00000000a1b00000|  0%| F|  |TAMS 0x00000000a1a00000| PB 0x00000000a1a00000| Untracked |  0
|  19|0x00000000a1b00000, 0x00000000a1b00000, 0x00000000a1c00000|  0%| F|  |TAMS 0x00000000a1b00000| PB 0x00000000a1b00000| Untracked |  0
|  20|0x00000000a1c00000, 0x00000000a1c00000, 0x00000000a1d00000|  0%| F|  |TAMS 0x00000000a1c00000| PB 0x00000000a1c00000| Untracked |  0
|  21|0x00000000a1d00000, 0x00000000a1d00000, 0x00000000a1e00000|  0%| F|  |TAMS 0x00000000a1d00000| PB 0x00000000a1d00000| Untracked |  0
|  22|0x00000000a1e00000, 0x00000000a1e00000, 0x00000000a1f00000|  0%| F|  |TAMS 0x00000000a1e00000| PB 0x00000000a1e00000| Untracked |  0
|  23|0x00000000a1f00000, 0x00000000a1f00000, 0x00000000a2000000|  0%| F|  |TAMS 0x00000000a1f00000| PB 0x00000000a1f00000| Untracked |  0
|  24|0x00000000a2000000, 0x00000000a2000000, 0x00000000a2100000|  0%| F|  |TAMS 0x00000000a2000000| PB 0x00000000a2000000| Untracked |  0
|  25|0x00000000a2100000, 0x00000000a2100000, 0x00000000a2200000|  0%| F|  |TAMS 0x00000000a2100000| PB 0x00000000a2100000| Untracked |  0
|  26|0x00000000a2200000, 0x00000000a2200000, 0x00000000a2300000|  0%| F|  |TAMS 0x00000000a2200000| PB 0x00000000a2200000| Untracked |  0
|  27|0x00000000a2300000, 0x00000000a2300000, 0x00000000a2400000|  0%| F|  |TAMS 0x00000000a2300000| PB 0x00000000a2300000| Untracked |  0
|  28|0x00000000a2400000, 0x00000000a2400000, 0x00000000a2500000|  0%| F|  |TAMS 0x00000000a2400000| PB 0x00000000a2400000| Untracked |  0
|  29|0x00000000a2500000, 0x00000000a2500000, 0x00000000a2600000|  0%| F|  |TAMS 0x00000000a2500000| PB 0x00000000a2500000| Untracked |  0
|  30|0x00000000a2600000, 0x00000000a2600000, 0x00000000a2700000|  0%| F|  |TAMS 0x00000000a2600000| PB 0x00000000a2600000| Untracked |  0
|  31|0x00000000a2700000, 0x00000000a2700000, 0x00000000a2800000|  0%| F|  |TAMS 0x00000000a2700000| PB 0x00000000a2700000| Untracked |  0
|  32|0x00000000a2800000, 0x00000000a2800000, 0x00000000a2900000|  0%| F|  |TAMS 0x00000000a2800000| PB 0x00000000a2800000| Untracked |  0
|  33|0x00000000a2900000, 0x00000000a2900000, 0x00000000a2a00000|  0%| F|  |TAMS 0x00000000a2900000| PB 0x00000000a2900000| Untracked |  0
|  34|0x00000000a2a00000, 0x00000000a2a00000, 0x00000000a2b00000|  0%| F|  |TAMS 0x00000000a2a00000| PB 0x00000000a2a00000| Untracked |  0
|  35|0x00000000a2b00000, 0x00000000a2b00000, 0x00000000a2c00000|  0%| F|  |TAMS 0x00000000a2b00000| PB 0x00000000a2b00000| Untracked |  0
|  36|0x00000000a2c00000, 0x00000000a2c00000, 0x00000000a2d00000|  0%| F|  |TAMS 0x00000000a2c00000| PB 0x00000000a2c00000| Untracked |  0
|  37|0x00000000a2d00000, 0x00000000a2d6d620, 0x00000000a2e00000| 42%| S|CS|TAMS 0x00000000a2d00000| PB 0x00000000a2d00000| Complete |  0
|  38|0x00000000a2e00000, 0x00000000a2e00000, 0x00000000a2f00000|  0%| F|  |TAMS 0x00000000a2e00000| PB 0x00000000a2e00000| Untracked |  0
|  39|0x00000000a2f00000, 0x00000000a2f00000, 0x00000000a3000000|  0%| F|  |TAMS 0x00000000a2f00000| PB 0x00000000a2f00000| Untracked |  0
|  40|0x00000000a3000000, 0x00000000a3000000, 0x00000000a3100000|  0%| F|  |TAMS 0x00000000a3000000| PB 0x00000000a3000000| Untracked |  0
|  41|0x00000000a3100000, 0x00000000a3100000, 0x00000000a3200000|  0%| F|  |TAMS 0x00000000a3100000| PB 0x00000000a3100000| Untracked |  0
|  42|0x00000000a3200000, 0x00000000a3200000, 0x00000000a3300000|  0%| F|  |TAMS 0x00000000a3200000| PB 0x00000000a3200000| Untracked |  0
|  43|0x00000000a3300000, 0x00000000a3300000, 0x00000000a3400000|  0%| F|  |TAMS 0x00000000a3300000| PB 0x00000000a3300000| Untracked |  0
|  44|0x00000000a3400000, 0x00000000a3400000, 0x00000000a3500000|  0%| F|  |TAMS 0x00000000a3400000| PB 0x00000000a3400000| Untracked |  0
|  45|0x00000000a3500000, 0x00000000a3600000, 0x00000000a3600000|100%| O|  |TAMS 0x00000000a3500000| PB 0x00000000a3500000| Untracked |  0
|  46|0x00000000a3600000, 0x00000000a3700000, 0x00000000a3700000|100%| O|  |TAMS 0x00000000a3600000| PB 0x00000000a3600000| Untracked |  0
|  47|0x00000000a3700000, 0x00000000a3800000, 0x00000000a3800000|100%|HS|  |TAMS 0x00000000a3700000| PB 0x00000000a3700000| Complete |  0
|  48|0x00000000a3800000, 0x00000000a3900000, 0x00000000a3900000|100%| O|  |TAMS 0x00000000a3800000| PB 0x00000000a3800000| Untracked |  0
|  49|0x00000000a3900000, 0x00000000a3a00000, 0x00000000a3a00000|100%| O|  |TAMS 0x00000000a3900000| PB 0x00000000a3900000| Untracked |  0
|  50|0x00000000a3a00000, 0x00000000a3b00000, 0x00000000a3b00000|100%|HS|  |TAMS 0x00000000a3a00000| PB 0x00000000a3a00000| Complete |  0
|  51|0x00000000a3b00000, 0x00000000a3c00000, 0x00000000a3c00000|100%|HC|  |TAMS 0x00000000a3b00000| PB 0x00000000a3b00000| Complete |  0
|  52|0x00000000a3c00000, 0x00000000a3d00000, 0x00000000a3d00000|100%|HC|  |TAMS 0x00000000a3c00000| PB 0x00000000a3c00000| Complete |  0
|  53|0x00000000a3d00000, 0x00000000a3e00000, 0x00000000a3e00000|100%|HC|  |TAMS 0x00000000a3d00000| PB 0x00000000a3d00000| Complete |  0
|  54|0x00000000a3e00000, 0x00000000a3f00000, 0x00000000a3f00000|100%|HC|  |TAMS 0x00000000a3e00000| PB 0x00000000a3e00000| Complete |  0
|  55|0x00000000a3f00000, 0x00000000a4000000, 0x00000000a4000000|100%|HC|  |TAMS 0x00000000a3f00000| PB 0x00000000a3f00000| Complete |  0
|  56|0x00000000a4000000, 0x00000000a4100000, 0x00000000a4100000|100%|HC|  |TAMS 0x00000000a4000000| PB 0x00000000a4000000| Complete |  0
|  57|0x00000000a4100000, 0x00000000a4200000, 0x00000000a4200000|100%|HC|  |TAMS 0x00000000a4100000| PB 0x00000000a4100000| Complete |  0
|  58|0x00000000a4200000, 0x00000000a4300000, 0x00000000a4300000|100%|HC|  |TAMS 0x00000000a4200000| PB 0x00000000a4200000| Complete |  0
|  59|0x00000000a4300000, 0x00000000a4300000, 0x00000000a4400000|  0%| F|  |TAMS 0x00000000a4300000| PB 0x00000000a4300000| Untracked |  0
|  60|0x00000000a4400000, 0x00000000a4400000, 0x00000000a4500000|  0%| F|  |TAMS 0x00000000a4400000| PB 0x00000000a4400000| Untracked |  0
|  61|0x00000000a4500000, 0x00000000a4500000, 0x00000000a4600000|  0%| F|  |TAMS 0x00000000a4500000| PB 0x00000000a4500000| Untracked |  0
|  62|0x00000000a4600000, 0x00000000a4600000, 0x00000000a4700000|  0%| F|  |TAMS 0x00000000a4600000| PB 0x00000000a4600000| Untracked |  0
|  63|0x00000000a4700000, 0x00000000a4700000, 0x00000000a4800000|  0%| F|  |TAMS 0x00000000a4700000| PB 0x00000000a4700000| Untracked |  0
|  64|0x00000000a4800000, 0x00000000a4800000, 0x00000000a4900000|  0%| F|  |TAMS 0x00000000a4800000| PB 0x00000000a4800000| Untracked |  0
|  65|0x00000000a4900000, 0x00000000a4900000, 0x00000000a4a00000|  0%| F|  |TAMS 0x00000000a4900000| PB 0x00000000a4900000| Untracked |  0
|  66|0x00000000a4a00000, 0x00000000a4a00000, 0x00000000a4b00000|  0%| F|  |TAMS 0x00000000a4a00000| PB 0x00000000a4a00000| Untracked |  0
|  67|0x00000000a4b00000, 0x00000000a4b00000, 0x00000000a4c00000|  0%| F|  |TAMS 0x00000000a4b00000| PB 0x00000000a4b00000| Untracked |  0
|  68|0x00000000a4c00000, 0x00000000a4c00000, 0x00000000a4d00000|  0%| F|  |TAMS 0x00000000a4c00000| PB 0x00000000a4c00000| Untracked |  0
|  69|0x00000000a4d00000, 0x00000000a4d00000, 0x00000000a4e00000|  0%| F|  |TAMS 0x00000000a4d00000| PB 0x00000000a4d00000| Untracked |  0
|  70|0x00000000a4e00000, 0x00000000a4e00000, 0x00000000a4f00000|  0%| F|  |TAMS 0x00000000a4e00000| PB 0x00000000a4e00000| Untracked |  0
|  71|0x00000000a4f00000, 0x00000000a4f00000, 0x00000000a5000000|  0%| F|  |TAMS 0x00000000a4f00000| PB 0x00000000a4f00000| Untracked |  0
|  72|0x00000000a5000000, 0x00000000a5000000, 0x00000000a5100000|  0%| F|  |TAMS 0x00000000a5000000| PB 0x00000000a5000000| Untracked |  0
|  73|0x00000000a5100000, 0x00000000a5100000, 0x00000000a5200000|  0%| F|  |TAMS 0x00000000a5100000| PB 0x00000000a5100000| Untracked |  0
|  74|0x00000000a5200000, 0x00000000a5200000, 0x00000000a5300000|  0%| F|  |TAMS 0x00000000a5200000| PB 0x00000000a5200000| Untracked |  0
|  75|0x00000000a5300000, 0x00000000a5300000, 0x00000000a5400000|  0%| F|  |TAMS 0x00000000a5300000| PB 0x00000000a5300000| Untracked |  0
|  76|0x00000000a5400000, 0x00000000a5400000, 0x00000000a5500000|  0%| F|  |TAMS 0x00000000a5400000| PB 0x00000000a5400000| Untracked |  0
|  77|0x00000000a5500000, 0x00000000a5500000, 0x00000000a5600000|  0%| F|  |TAMS 0x00000000a5500000| PB 0x00000000a5500000| Untracked |  0
|  78|0x00000000a5600000, 0x00000000a5600000, 0x00000000a5700000|  0%| F|  |TAMS 0x00000000a5600000| PB 0x00000000a5600000| Untracked |  0
|  79|0x00000000a5700000, 0x00000000a5700000, 0x00000000a5800000|  0%| F|  |TAMS 0x00000000a5700000| PB 0x00000000a5700000| Untracked |  0
|  80|0x00000000a5800000, 0x00000000a5800000, 0x00000000a5900000|  0%| F|  |TAMS 0x00000000a5800000| PB 0x00000000a5800000| Untracked |  0
|  81|0x00000000a5900000, 0x00000000a5900000, 0x00000000a5a00000|  0%| F|  |TAMS 0x00000000a5900000| PB 0x00000000a5900000| Untracked |  0
|  82|0x00000000a5a00000, 0x00000000a5a00000, 0x00000000a5b00000|  0%| F|  |TAMS 0x00000000a5a00000| PB 0x00000000a5a00000| Untracked |  0
|  83|0x00000000a5b00000, 0x00000000a5b00000, 0x00000000a5c00000|  0%| F|  |TAMS 0x00000000a5b00000| PB 0x00000000a5b00000| Untracked |  0
|  84|0x00000000a5c00000, 0x00000000a5c00000, 0x00000000a5d00000|  0%| F|  |TAMS 0x00000000a5c00000| PB 0x00000000a5c00000| Untracked |  0
|  85|0x00000000a5d00000, 0x00000000a5d00000, 0x00000000a5e00000|  0%| F|  |TAMS 0x00000000a5d00000| PB 0x00000000a5d00000| Untracked |  0
|  86|0x00000000a5e00000, 0x00000000a5e00000, 0x00000000a5f00000|  0%| F|  |TAMS 0x00000000a5e00000| PB 0x00000000a5e00000| Untracked |  0
|  87|0x00000000a5f00000, 0x00000000a5f00000, 0x00000000a6000000|  0%| F|  |TAMS 0x00000000a5f00000| PB 0x00000000a5f00000| Untracked |  0
|  88|0x00000000a6000000, 0x00000000a6000000, 0x00000000a6100000|  0%| F|  |TAMS 0x00000000a6000000| PB 0x00000000a6000000| Untracked |  0
|  89|0x00000000a6100000, 0x00000000a6100000, 0x00000000a6200000|  0%| F|  |TAMS 0x00000000a6100000| PB 0x00000000a6100000| Untracked |  0
|  90|0x00000000a6200000, 0x00000000a6200000, 0x00000000a6300000|  0%| F|  |TAMS 0x00000000a6200000| PB 0x00000000a6200000| Untracked |  0
|  91|0x00000000a6300000, 0x00000000a63814d8, 0x00000000a6400000| 50%| E|  |TAMS 0x00000000a6300000| PB 0x00000000a6300000| Complete |  0
|  92|0x00000000a6400000, 0x00000000a6500000, 0x00000000a6500000|100%| E|CS|TAMS 0x00000000a6400000| PB 0x00000000a6400000| Complete |  0
|  93|0x00000000a6500000, 0x00000000a6600000, 0x00000000a6600000|100%| E|CS|TAMS 0x00000000a6500000| PB 0x00000000a6500000| Complete |  0
|  94|0x00000000a6600000, 0x00000000a6700000, 0x00000000a6700000|100%| E|CS|TAMS 0x00000000a6600000| PB 0x00000000a6600000| Complete |  0
|  95|0x00000000a6700000, 0x00000000a6800000, 0x00000000a6800000|100%| E|CS|TAMS 0x00000000a6700000| PB 0x00000000a6700000| Complete |  0
|  96|0x00000000a6800000, 0x00000000a6900000, 0x00000000a6900000|100%| E|CS|TAMS 0x00000000a6800000| PB 0x00000000a6800000| Complete |  0
|  97|0x00000000a6900000, 0x00000000a6a00000, 0x00000000a6a00000|100%| E|CS|TAMS 0x00000000a6900000| PB 0x00000000a6900000| Complete |  0
|  98|0x00000000a6a00000, 0x00000000a6b00000, 0x00000000a6b00000|100%| E|CS|TAMS 0x00000000a6a00000| PB 0x00000000a6a00000| Complete |  0
|  99|0x00000000a6b00000, 0x00000000a6c00000, 0x00000000a6c00000|100%| E|CS|TAMS 0x00000000a6b00000| PB 0x00000000a6b00000| Complete |  0
| 100|0x00000000a6c00000, 0x00000000a6d00000, 0x00000000a6d00000|100%| E|CS|TAMS 0x00000000a6c00000| PB 0x00000000a6c00000| Complete |  0
| 101|0x00000000a6d00000, 0x00000000a6e00000, 0x00000000a6e00000|100%| E|CS|TAMS 0x00000000a6d00000| PB 0x00000000a6d00000| Complete |  0
| 102|0x00000000a6e00000, 0x00000000a6f00000, 0x00000000a6f00000|100%| E|CS|TAMS 0x00000000a6e00000| PB 0x00000000a6e00000| Complete |  0
| 103|0x00000000a6f00000, 0x00000000a7000000, 0x00000000a7000000|100%| E|CS|TAMS 0x00000000a6f00000| PB 0x00000000a6f00000| Complete |  0
| 104|0x00000000a7000000, 0x00000000a7100000, 0x00000000a7100000|100%| E|CS|TAMS 0x00000000a7000000| PB 0x00000000a7000000| Complete |  0
| 105|0x00000000a7100000, 0x00000000a7200000, 0x00000000a7200000|100%| E|CS|TAMS 0x00000000a7100000| PB 0x00000000a7100000| Complete |  0
| 106|0x00000000a7200000, 0x00000000a7300000, 0x00000000a7300000|100%| E|CS|TAMS 0x00000000a7200000| PB 0x00000000a7200000| Complete |  0
| 107|0x00000000a7300000, 0x00000000a7400000, 0x00000000a7400000|100%| E|CS|TAMS 0x00000000a7300000| PB 0x00000000a7300000| Complete |  0
| 108|0x00000000a7400000, 0x00000000a7500000, 0x00000000a7500000|100%| E|CS|TAMS 0x00000000a7400000| PB 0x00000000a7400000| Complete |  0
| 109|0x00000000a7500000, 0x00000000a7600000, 0x00000000a7600000|100%| E|CS|TAMS 0x00000000a7500000| PB 0x00000000a7500000| Complete |  0
| 110|0x00000000a7600000, 0x00000000a7700000, 0x00000000a7700000|100%| E|CS|TAMS 0x00000000a7600000| PB 0x00000000a7600000| Complete |  0
| 111|0x00000000a7700000, 0x00000000a7800000, 0x00000000a7800000|100%| E|CS|TAMS 0x00000000a7700000| PB 0x00000000a7700000| Complete |  0
| 112|0x00000000a7800000, 0x00000000a7900000, 0x00000000a7900000|100%| E|CS|TAMS 0x00000000a7800000| PB 0x00000000a7800000| Complete |  0
| 113|0x00000000a7900000, 0x00000000a7a00000, 0x00000000a7a00000|100%| E|CS|TAMS 0x00000000a7900000| PB 0x00000000a7900000| Complete |  0
| 114|0x00000000a7a00000, 0x00000000a7b00000, 0x00000000a7b00000|100%| E|CS|TAMS 0x00000000a7a00000| PB 0x00000000a7a00000| Complete |  0
| 115|0x00000000a7b00000, 0x00000000a7c00000, 0x00000000a7c00000|100%| E|CS|TAMS 0x00000000a7b00000| PB 0x00000000a7b00000| Complete |  0
| 116|0x00000000a7c00000, 0x00000000a7d00000, 0x00000000a7d00000|100%| E|CS|TAMS 0x00000000a7c00000| PB 0x00000000a7c00000| Complete |  0
| 117|0x00000000a7d00000, 0x00000000a7e00000, 0x00000000a7e00000|100%| E|CS|TAMS 0x00000000a7d00000| PB 0x00000000a7d00000| Complete |  0
| 118|0x00000000a7e00000, 0x00000000a7f00000, 0x00000000a7f00000|100%| E|CS|TAMS 0x00000000a7e00000| PB 0x00000000a7e00000| Complete |  0
| 119|0x00000000a7f00000, 0x00000000a8000000, 0x00000000a8000000|100%| E|CS|TAMS 0x00000000a7f00000| PB 0x00000000a7f00000| Complete |  0
| 120|0x00000000a8000000, 0x00000000a8100000, 0x00000000a8100000|100%| E|CS|TAMS 0x00000000a8000000| PB 0x00000000a8000000| Complete |  0
| 121|0x00000000a8100000, 0x00000000a8200000, 0x00000000a8200000|100%| E|CS|TAMS 0x00000000a8100000| PB 0x00000000a8100000| Complete |  0
| 122|0x00000000a8200000, 0x00000000a8300000, 0x00000000a8300000|100%| E|CS|TAMS 0x00000000a8200000| PB 0x00000000a8200000| Complete |  0
| 123|0x00000000a8300000, 0x00000000a8400000, 0x00000000a8400000|100%| E|CS|TAMS 0x00000000a8300000| PB 0x00000000a8300000| Complete |  0
| 124|0x00000000a8400000, 0x00000000a8500000, 0x00000000a8500000|100%| E|CS|TAMS 0x00000000a8400000| PB 0x00000000a8400000| Complete |  0
| 125|0x00000000a8500000, 0x00000000a8600000, 0x00000000a8600000|100%| E|CS|TAMS 0x00000000a8500000| PB 0x00000000a8500000| Complete |  0
| 126|0x00000000a8600000, 0x00000000a8700000, 0x00000000a8700000|100%| E|CS|TAMS 0x00000000a8600000| PB 0x00000000a8600000| Complete |  0
| 127|0x00000000a8700000, 0x00000000a8800000, 0x00000000a8800000|100%| E|CS|TAMS 0x00000000a8700000| PB 0x00000000a8700000| Complete |  0

Card table byte_map: [0x00000210f7270000,0x00000210f7570000] _byte_map_base: 0x00000210f6d6c000

Marking Bits: (CMBitMap*) 0x00000210dfc6b250
 Bits: [0x00000210f7570000, 0x00000210f8d50000)

Polling page: 0x00000210dd960000

Metaspace:

Usage:
  Non-class:     13.37 MB used.
      Class:      1.60 MB used.
       Both:     14.97 MB used.

Virtual space:
  Non-class space:       64.00 MB reserved,      13.50 MB ( 21%) committed,  1 nodes.
      Class space:        1.00 GB reserved,       1.75 MB ( <1%) committed,  1 nodes.
             Both:        1.06 GB reserved,      15.25 MB (  1%) committed. 

Chunk freelists:
   Non-Class:  2.52 MB
       Class:  14.17 MB
        Both:  16.69 MB

MaxMetaspaceSize: unlimited
CompressedClassSpaceSize: 1.00 GB
Initial GC threshold: 21.00 MB
Current GC threshold: 21.00 MB
CDS: on
 - commit_granule_bytes: 65536.
 - commit_granule_words: 8192.
 - virtual_space_node_default_size: 8388608.
 - enlarge_chunks_in_place: 1.
 - use_allocation_guard: 0.


Internal statistics:

num_allocs_failed_limit: 0.
num_arena_births: 202.
num_arena_deaths: 0.
num_vsnodes_births: 2.
num_vsnodes_deaths: 0.
num_space_committed: 244.
num_space_uncommitted: 0.
num_chunks_returned_to_freelist: 0.
num_chunks_taken_from_freelist: 342.
num_chunk_merges: 0.
num_chunk_splits: 209.
num_chunks_enlarged: 103.
num_inconsistent_stats: 0.

CodeHeap 'non-profiled nmethods': size=120000Kb used=2530Kb max_used=2530Kb free=117469Kb
 bounds [0x00000210efa40000, 0x00000210efcc0000, 0x00000210f6f70000]
CodeHeap 'profiled nmethods': size=120000Kb used=6363Kb max_used=6363Kb free=113637Kb
 bounds [0x00000210e7f70000, 0x00000210e85b0000, 0x00000210ef4a0000]
CodeHeap 'non-nmethods': size=5760Kb used=1731Kb max_used=1798Kb free=4028Kb
 bounds [0x00000210ef4a0000, 0x00000210ef710000, 0x00000210efa40000]
 total_blobs=4111 nmethods=3348 adapters=666
 compilation: enabled
              stopped_count=0, restarted_count=0
 full_count=0

Compilation events (20 events):
Event: 251.538 Thread 0x00000210fb22d250 3411       3       java.awt.Component::setBounds (10 bytes)
Event: 251.538 Thread 0x00000210fb22d250 nmethod 3411 0x00000210e85a2010 code [0x00000210e85a21c0, 0x00000210e85a2388]
Event: 251.538 Thread 0x00000210fb22d250 3412   !   3       java.awt.Component::reshape (312 bytes)
Event: 251.540 Thread 0x00000210fb22d250 nmethod 3412 0x00000210e85a2410 code [0x00000210e85a2700, 0x00000210e85a3d90]
Event: 251.543 Thread 0x00000210fb22d250 3413       3       java.lang.invoke.DelegatingMethodHandle$Holder::reinvoke_L (22 bytes)
Event: 251.543 Thread 0x00000210fb22d250 nmethod 3413 0x00000210e85a4410 code [0x00000210e85a45c0, 0x00000210e85a4a40]
Event: 251.543 Thread 0x00000210fb22d250 3414       3       java.lang.invoke.DirectMethodHandle$Holder::invokeStatic (19 bytes)
Event: 251.543 Thread 0x00000210fb22d250 nmethod 3414 0x00000210e85a4b90 code [0x00000210e85a4d60, 0x00000210e85a5230]
Event: 251.798 Thread 0x00000210fb22d250 3415       3       java.awt.KeyboardFocusManager::redispatchEvent (16 bytes)
Event: 251.798 Thread 0x00000210fb22d250 nmethod 3415 0x00000210e85a5390 code [0x00000210e85a5540, 0x00000210e85a5798]
Event: 260.970 Thread 0x00000210fb22d250 3416       3       java.util.concurrent.ConcurrentLinkedDeque::first (65 bytes)
Event: 260.970 Thread 0x00000210fb22d250 nmethod 3416 0x00000210e85a5910 code [0x00000210e85a5ae0, 0x00000210e85a5f38]
Event: 260.970 Thread 0x00000210fb22d250 3417       3       java.util.concurrent.ConcurrentLinkedDeque::peekFirst (48 bytes)
Event: 260.971 Thread 0x00000210fb22d250 nmethod 3417 0x00000210e85a6110 code [0x00000210e85a62e0, 0x00000210e85a6668]
Event: 317.990 Thread 0x00000210fb22cb90 3418       4       java.lang.Thread::sleep (29 bytes)
Event: 317.992 Thread 0x00000210fb22cb90 nmethod 3418 0x00000210efcb7890 code [0x00000210efcb7a20, 0x00000210efcb7b98]
Event: 390.678 Thread 0x00000210fb22cb90 3419       4       sun.awt.image.ImageWatched::newInfo (25 bytes)
Event: 390.684 Thread 0x00000210fb22cb90 nmethod 3419 0x00000210efcb7d10 code [0x00000210efcb7f00, 0x00000210efcb8348]
Event: 409.163 Thread 0x00000210fb22d250 3420       3       java.awt.KeyboardFocusManager::fireVetoableChange (26 bytes)
Event: 409.164 Thread 0x00000210fb22d250 nmethod 3420 0x00000210e85a6810 code [0x00000210e85a69c0, 0x00000210e85a6b80]

GC Heap History (20 events):
Event: 221.495 GC heap before
{Heap before GC invocations=17 (full 0):
 garbage-first heap   total reserved 1564672K, committed 131072K, used 120558K [0x00000000a0800000, 0x0000000100000000)
  region size 1024K, 74 young (75776K), 3 survivors (3072K)
 Metaspace       used 15301K, committed 15616K, reserved 1114112K
  class space    used 1634K, committed 1792K, reserved 1048576K
}
Event: 221.497 GC heap after
{Heap after GC invocations=18 (full 0):
 garbage-first heap   total reserved 1564672K, committed 131072K, used 17134K [0x00000000a0800000, 0x0000000100000000)
  region size 1024K, 3 young (3072K), 3 survivors (3072K)
 Metaspace       used 15301K, committed 15616K, reserved 1114112K
  class space    used 1634K, committed 1792K, reserved 1048576K
}
Event: 241.019 GC heap before
{Heap before GC invocations=18 (full 0):
 garbage-first heap   total reserved 1564672K, committed 131072K, used 91886K [0x00000000a0800000, 0x0000000100000000)
  region size 1024K, 76 young (77824K), 3 survivors (3072K)
 Metaspace       used 15306K, committed 15616K, reserved 1114112K
  class space    used 1634K, committed 1792K, reserved 1048576K
}
Event: 241.021 GC heap after
{Heap after GC invocations=19 (full 0):
 garbage-first heap   total reserved 1564672K, committed 131072K, used 17148K [0x00000000a0800000, 0x0000000100000000)
  region size 1024K, 3 young (3072K), 3 survivors (3072K)
 Metaspace       used 15306K, committed 15616K, reserved 1114112K
  class space    used 1634K, committed 1792K, reserved 1048576K
}
Event: 260.967 GC heap before
{Heap before GC invocations=19 (full 0):
 garbage-first heap   total reserved 1564672K, committed 131072K, used 122620K [0x00000000a0800000, 0x0000000100000000)
  region size 1024K, 76 young (77824K), 3 survivors (3072K)
 Metaspace       used 15327K, committed 15616K, reserved 1114112K
  class space    used 1634K, committed 1792K, reserved 1048576K
}
Event: 260.969 GC heap after
{Heap after GC invocations=20 (full 0):
 garbage-first heap   total reserved 1564672K, committed 131072K, used 16766K [0x00000000a0800000, 0x0000000100000000)
  region size 1024K, 3 young (3072K), 3 survivors (3072K)
 Metaspace       used 15327K, committed 15616K, reserved 1114112K
  class space    used 1634K, committed 1792K, reserved 1048576K
}
Event: 280.507 GC heap before
{Heap before GC invocations=20 (full 0):
 garbage-first heap   total reserved 1564672K, committed 131072K, used 91518K [0x00000000a0800000, 0x0000000100000000)
  region size 1024K, 76 young (77824K), 3 survivors (3072K)
 Metaspace       used 15328K, committed 15616K, reserved 1114112K
  class space    used 1634K, committed 1792K, reserved 1048576K
}
Event: 280.509 GC heap after
{Heap after GC invocations=21 (full 0):
 garbage-first heap   total reserved 1564672K, committed 131072K, used 17191K [0x00000000a0800000, 0x0000000100000000)
  region size 1024K, 2 young (2048K), 2 survivors (2048K)
 Metaspace       used 15328K, committed 15616K, reserved 1114112K
  class space    used 1634K, committed 1792K, reserved 1048576K
}
Event: 300.439 GC heap before
{Heap before GC invocations=21 (full 0):
 garbage-first heap   total reserved 1564672K, committed 131072K, used 92967K [0x00000000a0800000, 0x0000000100000000)
  region size 1024K, 76 young (77824K), 2 survivors (2048K)
 Metaspace       used 15328K, committed 15616K, reserved 1114112K
  class space    used 1634K, committed 1792K, reserved 1048576K
}
Event: 300.441 GC heap after
{Heap after GC invocations=22 (full 0):
 garbage-first heap   total reserved 1564672K, committed 131072K, used 17008K [0x00000000a0800000, 0x0000000100000000)
  region size 1024K, 1 young (1024K), 1 survivors (1024K)
 Metaspace       used 15328K, committed 15616K, reserved 1114112K
  class space    used 1634K, committed 1792K, reserved 1048576K
}
Event: 320.379 GC heap before
{Heap before GC invocations=22 (full 0):
 garbage-first heap   total reserved 1564672K, committed 131072K, used 93808K [0x00000000a0800000, 0x0000000100000000)
  region size 1024K, 76 young (77824K), 1 survivors (1024K)
 Metaspace       used 15328K, committed 15616K, reserved 1114112K
  class space    used 1634K, committed 1792K, reserved 1048576K
}
Event: 320.380 GC heap after
{Heap after GC invocations=23 (full 0):
 garbage-first heap   total reserved 1564672K, committed 131072K, used 17051K [0x00000000a0800000, 0x0000000100000000)
  region size 1024K, 1 young (1024K), 1 survivors (1024K)
 Metaspace       used 15328K, committed 15616K, reserved 1114112K
  class space    used 1634K, committed 1792K, reserved 1048576K
}
Event: 340.592 GC heap before
{Heap before GC invocations=23 (full 0):
 garbage-first heap   total reserved 1564672K, committed 131072K, used 93851K [0x00000000a0800000, 0x0000000100000000)
  region size 1024K, 76 young (77824K), 1 survivors (1024K)
 Metaspace       used 15328K, committed 15616K, reserved 1114112K
  class space    used 1634K, committed 1792K, reserved 1048576K
}
Event: 340.593 GC heap after
{Heap after GC invocations=24 (full 0):
 garbage-first heap   total reserved 1564672K, committed 131072K, used 17065K [0x00000000a0800000, 0x0000000100000000)
  region size 1024K, 1 young (1024K), 1 survivors (1024K)
 Metaspace       used 15328K, committed 15616K, reserved 1114112K
  class space    used 1634K, committed 1792K, reserved 1048576K
}
Event: 360.724 GC heap before
{Heap before GC invocations=24 (full 0):
 garbage-first heap   total reserved 1564672K, committed 131072K, used 93865K [0x00000000a0800000, 0x0000000100000000)
  region size 1024K, 76 young (77824K), 1 survivors (1024K)
 Metaspace       used 15328K, committed 15616K, reserved 1114112K
  class space    used 1634K, committed 1792K, reserved 1048576K
}
Event: 360.725 GC heap after
{Heap after GC invocations=25 (full 0):
 garbage-first heap   total reserved 1564672K, committed 131072K, used 17065K [0x00000000a0800000, 0x0000000100000000)
  region size 1024K, 1 young (1024K), 1 survivors (1024K)
 Metaspace       used 15328K, committed 15616K, reserved 1114112K
  class space    used 1634K, committed 1792K, reserved 1048576K
}
Event: 380.775 GC heap before
{Heap before GC invocations=25 (full 0):
 garbage-first heap   total reserved 1564672K, committed 131072K, used 93865K [0x00000000a0800000, 0x0000000100000000)
  region size 1024K, 76 young (77824K), 1 survivors (1024K)
 Metaspace       used 15328K, committed 15616K, reserved 1114112K
  class space    used 1634K, committed 1792K, reserved 1048576K
}
Event: 380.776 GC heap after
{Heap after GC invocations=26 (full 0):
 garbage-first heap   total reserved 1564672K, committed 131072K, used 17073K [0x00000000a0800000, 0x0000000100000000)
  region size 1024K, 1 young (1024K), 1 survivors (1024K)
 Metaspace       used 15328K, committed 15616K, reserved 1114112K
  class space    used 1634K, committed 1792K, reserved 1048576K
}
Event: 401.013 GC heap before
{Heap before GC invocations=26 (full 0):
 garbage-first heap   total reserved 1564672K, committed 131072K, used 93873K [0x00000000a0800000, 0x0000000100000000)
  region size 1024K, 76 young (77824K), 1 survivors (1024K)
 Metaspace       used 15328K, committed 15616K, reserved 1114112K
  class space    used 1634K, committed 1792K, reserved 1048576K
}
Event: 401.014 GC heap after
{Heap after GC invocations=27 (full 0):
 garbage-first heap   total reserved 1564672K, committed 131072K, used 17074K [0x00000000a0800000, 0x0000000100000000)
  region size 1024K, 1 young (1024K), 1 survivors (1024K)
 Metaspace       used 15328K, committed 15616K, reserved 1114112K
  class space    used 1634K, committed 1792K, reserved 1048576K
}

Dll operation events (11 events):
Event: 0.009 Loaded shared library C:\Program Files\Java\jdk-22\bin\java.dll
Event: 0.040 Loaded shared library C:\Program Files\Java\jdk-22\bin\jsvml.dll
Event: 0.098 Loaded shared library C:\Program Files\Java\jdk-22\bin\net.dll
Event: 0.101 Loaded shared library C:\Program Files\Java\jdk-22\bin\nio.dll
Event: 0.130 Loaded shared library C:\Program Files\Java\jdk-22\bin\zip.dll
Event: 0.153 Loaded shared library C:\Program Files\Java\jdk-22\bin\jimage.dll
Event: 0.171 Loaded shared library C:\Program Files\Java\jdk-22\bin\awt.dll
Event: 0.339 Loaded shared library C:\Program Files\Java\jdk-22\bin\freetype.dll
Event: 0.340 Loaded shared library C:\Program Files\Java\jdk-22\bin\fontmanager.dll
Event: 0.725 Loaded shared library C:\Program Files\Java\jdk-22\bin\jsound.dll
Event: 7.750 Loaded shared library C:\Program Files\Java\jdk-22\bin\extnet.dll

Deoptimization events (20 events):
Event: 124.635 Thread 0x00000210fb2378e0 Uncommon trap: trap_request=0xffffff45 fr.pc=0x00000210efb685bc relative=0x000000000000009c
Event: 124.635 Thread 0x00000210fb2378e0 Uncommon trap: reason=unstable_if action=reinterpret pc=0x00000210efb685bc method=java.awt.EventQueue.eventToCacheIndex(Ljava/awt/AWTEvent;)I @ 4 c2
Event: 124.635 Thread 0x00000210fb2378e0 DEOPT PACKING pc=0x00000210efb685bc sp=0x000000ed100fe5c0
Event: 124.635 Thread 0x00000210fb2378e0 DEOPT UNPACKING pc=0x00000210ef4f46a2 sp=0x000000ed100fe558 mode 2
Event: 124.635 Thread 0x00000210fb2378e0 Uncommon trap: trap_request=0xffffff45 fr.pc=0x00000210efb4f270 relative=0x0000000000003cf0
Event: 124.635 Thread 0x00000210fb2378e0 Uncommon trap: reason=unstable_if action=reinterpret pc=0x00000210efb4f270 method=java.awt.EventQueue.eventToCacheIndex(Ljava/awt/AWTEvent;)I @ 4 c2
Event: 124.635 Thread 0x00000210fb2378e0 DEOPT PACKING pc=0x00000210efb4f270 sp=0x000000ed100fe640
Event: 124.635 Thread 0x00000210fb2378e0 DEOPT UNPACKING pc=0x00000210ef4f46a2 sp=0x000000ed100fe420 mode 2
Event: 124.635 Thread 0x00000210fb2378e0 Uncommon trap: trap_request=0xffffff45 fr.pc=0x00000210efbd56b4 relative=0x0000000000002594
Event: 124.635 Thread 0x00000210fb2378e0 Uncommon trap: reason=unstable_if action=reinterpret pc=0x00000210efbd56b4 method=java.awt.EventQueue.eventToCacheIndex(Ljava/awt/AWTEvent;)I @ 4 c2
Event: 124.635 Thread 0x00000210fb2378e0 DEOPT PACKING pc=0x00000210efbd56b4 sp=0x000000ed100fe730
Event: 124.635 Thread 0x00000210fb2378e0 DEOPT UNPACKING pc=0x00000210ef4f46a2 sp=0x000000ed100fe618 mode 2
Event: 125.188 Thread 0x00000210fb2378e0 Uncommon trap: trap_request=0xffffff45 fr.pc=0x00000210efb7c1c0 relative=0x0000000000000380
Event: 125.188 Thread 0x00000210fb2378e0 Uncommon trap: reason=unstable_if action=reinterpret pc=0x00000210efb7c1c0 method=java.awt.EventQueue.eventToCacheIndex(Ljava/awt/AWTEvent;)I @ 4 c2
Event: 125.188 Thread 0x00000210fb2378e0 DEOPT PACKING pc=0x00000210efb7c1c0 sp=0x000000ed100fe730
Event: 125.188 Thread 0x00000210fb2378e0 DEOPT UNPACKING pc=0x00000210ef4f46a2 sp=0x000000ed100fe608 mode 2
Event: 168.074 Thread 0x00000210fb2378e0 Uncommon trap: trap_request=0xffffff6e fr.pc=0x00000210efc7cfc4 relative=0x00000000000013e4
Event: 168.074 Thread 0x00000210fb2378e0 Uncommon trap: reason=loop_limit_check action=maybe_recompile pc=0x00000210efc7cfc4 method=javax.swing.JComponent.paintChildren(Ljava/awt/Graphics;)V @ 172 c2
Event: 168.074 Thread 0x00000210fb2378e0 DEOPT PACKING pc=0x00000210efc7cfc4 sp=0x000000ed100fdd80
Event: 168.074 Thread 0x00000210fb2378e0 DEOPT UNPACKING pc=0x00000210ef4f46a2 sp=0x000000ed100fdce0 mode 2

Classes loaded (20 events):
Event: 7.847 Loading class java/awt/WaitDispatchSupport$4
Event: 7.847 Loading class java/awt/WaitDispatchSupport$4 done
Event: 7.864 Loading class javax/swing/plaf/synth/SynthGraphicsUtils$SynthIconWrapper
Event: 7.864 Loading class javax/swing/plaf/synth/SynthGraphicsUtils$SynthIconWrapper done
Event: 7.865 Loading class javax/swing/plaf/nimbus/OptionPanePainter
Event: 7.865 Loading class javax/swing/plaf/nimbus/OptionPanePainter done
Event: 7.868 Loading class java/awt/geom/EllipseIterator
Event: 7.868 Loading class java/awt/geom/EllipseIterator done
Event: 15.441 Loading class java/awt/Canvas
Event: 15.441 Loading class java/awt/Canvas done
Event: 15.441 Loading class java/awt/Scrollbar
Event: 15.442 Loading class java/awt/Scrollbar done
Event: 16.117 Loading class sun/awt/SunToolkit$1
Event: 16.117 Loading class sun/awt/SunToolkit$1 done
Event: 16.183 Loading class java/util/ConcurrentModificationException
Event: 16.183 Loading class java/util/ConcurrentModificationException done
Event: 40.079 Loading class java/security/DomainCombiner
Event: 40.079 Loading class java/security/DomainCombiner done
Event: 67.650 Loading class java/awt/image/BufferedImageOp
Event: 67.650 Loading class java/awt/image/BufferedImageOp done

Classes unloaded (0 events):
No events

Classes redefined (0 events):
No events

Internal exceptions (20 events):
Event: 7.755 Thread 0x00000210fb2378e0 Exception <a 'java/net/ConnectException'{0x00000000a5761d88}: Connection refused: connect> (0x00000000a5761d88) 
thrown [s\open\src\hotspot\share\prims\jni.cpp, line 539]
Event: 7.845 Thread 0x00000210fb2378e0 Exception <a 'java/lang/NoSuchMethodError'{0x00000000a57cfeb0}: 'int java.lang.invoke.DirectMethodHandle$Holder.invokeStatic(java.lang.Object)'> (0x00000000a57cfeb0) 
thrown [s\open\src\hotspot\share\interpreter\linkResolver.cpp, line 774]
Event: 21.352 Thread 0x00000210fb2378e0 Exception <a 'java/net/ConnectException'{0x00000000a737dd08}: Connection refused: connect> (0x00000000a737dd08) 
thrown [s\open\src\hotspot\share\prims\jni.cpp, line 539]
Event: 21.353 Thread 0x00000210fb2378e0 Exception <a 'java/net/ConnectException'{0x00000000a737e850}: Connection refused: connect> (0x00000000a737e850) 
thrown [s\open\src\hotspot\share\prims\jni.cpp, line 539]
Event: 40.393 Thread 0x00000210fb2378e0 Exception <a 'java/net/ConnectException'{0x00000000a7079da8}: Connection refused: connect> (0x00000000a7079da8) 
thrown [s\open\src\hotspot\share\prims\jni.cpp, line 539]
Event: 40.394 Thread 0x00000210fb2378e0 Exception <a 'java/net/ConnectException'{0x00000000a707a8f0}: Connection refused: connect> (0x00000000a707a8f0) 
thrown [s\open\src\hotspot\share\prims\jni.cpp, line 539]
Event: 76.818 Thread 0x00000210fb2378e0 Exception <a 'java/net/ConnectException'{0x00000000a7680f98}: Connection refused: connect> (0x00000000a7680f98) 
thrown [s\open\src\hotspot\share\prims\jni.cpp, line 539]
Event: 76.818 Thread 0x00000210fb2378e0 Exception <a 'java/net/ConnectException'{0x00000000a7681ae0}: Connection refused: connect> (0x00000000a7681ae0) 
thrown [s\open\src\hotspot\share\prims\jni.cpp, line 539]
Event: 99.742 Thread 0x00000210fb2378e0 Exception <a 'java/net/ConnectException'{0x00000000a67b13e0}: Connection refused: connect> (0x00000000a67b13e0) 
thrown [s\open\src\hotspot\share\prims\jni.cpp, line 539]
Event: 99.742 Thread 0x00000210fb2378e0 Exception <a 'java/net/ConnectException'{0x00000000a67b1f28}: Connection refused: connect> (0x00000000a67b1f28) 
thrown [s\open\src\hotspot\share\prims\jni.cpp, line 539]
Event: 109.340 Thread 0x00000210fb2378e0 Exception <a 'java/net/ConnectException'{0x00000000a7691a08}: Connection refused: connect> (0x00000000a7691a08) 
thrown [s\open\src\hotspot\share\prims\jni.cpp, line 539]
Event: 109.340 Thread 0x00000210fb2378e0 Exception <a 'java/net/ConnectException'{0x00000000a7692550}: Connection refused: connect> (0x00000000a7692550) 
thrown [s\open\src\hotspot\share\prims\jni.cpp, line 539]
Event: 131.360 Thread 0x00000210fb2378e0 Exception <a 'java/net/ConnectException'{0x00000000a6b3cc50}: Connection refused: connect> (0x00000000a6b3cc50) 
thrown [s\open\src\hotspot\share\prims\jni.cpp, line 539]
Event: 131.361 Thread 0x00000210fb2378e0 Exception <a 'java/net/ConnectException'{0x00000000a6b3d798}: Connection refused: connect> (0x00000000a6b3d798) 
thrown [s\open\src\hotspot\share\prims\jni.cpp, line 539]
Event: 168.042 Thread 0x00000210fb2378e0 Exception <a 'java/net/ConnectException'{0x00000000a76c3ff0}: Connection refused: connect> (0x00000000a76c3ff0) 
thrown [s\open\src\hotspot\share\prims\jni.cpp, line 539]
Event: 168.043 Thread 0x00000210fb2378e0 Exception <a 'java/net/ConnectException'{0x00000000a76c4b38}: Connection refused: connect> (0x00000000a76c4b38) 
thrown [s\open\src\hotspot\share\prims\jni.cpp, line 539]
Event: 205.083 Thread 0x00000210fb2378e0 Exception <a 'java/net/ConnectException'{0x00000000a8070ec8}: Connection refused: connect> (0x00000000a8070ec8) 
thrown [s\open\src\hotspot\share\prims\jni.cpp, line 539]
Event: 205.083 Thread 0x00000210fb2378e0 Exception <a 'java/net/ConnectException'{0x00000000a8071a10}: Connection refused: connect> (0x00000000a8071a10) 
thrown [s\open\src\hotspot\share\prims\jni.cpp, line 539]
Event: 251.497 Thread 0x00000210fb2378e0 Exception <a 'java/net/ConnectException'{0x00000000a6218428}: Connection refused: connect> (0x00000000a6218428) 
thrown [s\open\src\hotspot\share\prims\jni.cpp, line 539]
Event: 251.497 Thread 0x00000210fb2378e0 Exception <a 'java/net/ConnectException'{0x00000000a6218f70}: Connection refused: connect> (0x00000000a6218f70) 
thrown [s\open\src\hotspot\share\prims\jni.cpp, line 539]

ZGC Phase Switch (0 events):
No events

VM Operations (20 events):
Event: 300.796 Executing VM operation: HandshakeAllThreads (HandshakeForDeflation)
Event: 300.796 Executing VM operation: HandshakeAllThreads (HandshakeForDeflation) done
Event: 300.796 Executing VM operation: RendezvousGCThreads
Event: 300.796 Executing VM operation: RendezvousGCThreads done
Event: 320.379 Executing VM operation: G1CollectForAllocation (G1 Evacuation Pause)
Event: 320.380 Executing VM operation: G1CollectForAllocation (G1 Evacuation Pause) done
Event: 340.592 Executing VM operation: G1CollectForAllocation (G1 Evacuation Pause)
Event: 340.593 Executing VM operation: G1CollectForAllocation (G1 Evacuation Pause) done
Event: 360.724 Executing VM operation: G1CollectForAllocation (G1 Evacuation Pause)
Event: 360.725 Executing VM operation: G1CollectForAllocation (G1 Evacuation Pause) done
Event: 360.886 Executing VM operation: HandshakeAllThreads (HandshakeForDeflation)
Event: 360.886 Executing VM operation: HandshakeAllThreads (HandshakeForDeflation) done
Event: 360.886 Executing VM operation: RendezvousGCThreads
Event: 360.886 Executing VM operation: RendezvousGCThreads done
Event: 380.775 Executing VM operation: G1CollectForAllocation (G1 Evacuation Pause)
Event: 380.776 Executing VM operation: G1CollectForAllocation (G1 Evacuation Pause) done
Event: 401.013 Executing VM operation: G1CollectForAllocation (G1 Evacuation Pause)
Event: 401.014 Executing VM operation: G1CollectForAllocation (G1 Evacuation Pause) done
Event: 410.017 Executing VM operation: Cleanup
Event: 410.017 Executing VM operation: Cleanup done

Events (20 events):
Event: 76.809 Thread 0x00000210c6021740 Thread exited: 0x00000210c6021740
Event: 95.419 Thread 0x00000210c6023810 Thread added: 0x00000210c6023810
Event: 95.419 Thread 0x00000210c60258e0 Thread added: 0x00000210c60258e0
Event: 99.733 Thread 0x00000210c6023810 Thread exited: 0x00000210c6023810
Event: 105.305 Thread 0x00000210c6025f70 Thread added: 0x00000210c6025f70
Event: 105.305 Thread 0x00000210c6025250 Thread added: 0x00000210c6025250
Event: 109.334 Thread 0x00000210c6025f70 Thread exited: 0x00000210c6025f70
Event: 125.246 Thread 0x00000210c6027320 Thread added: 0x00000210c6027320
Event: 125.246 Thread 0x00000210c6023810 Thread added: 0x00000210c6023810
Event: 131.350 Thread 0x00000210c6027320 Thread exited: 0x00000210c6027320
Event: 145.804 Thread 0x00000210c6025f70 Thread added: 0x00000210c6025f70
Event: 145.804 Thread 0x00000210c6027320 Thread added: 0x00000210c6027320
Event: 145.835 Thread 0x00000210c6025f70 Thread exited: 0x00000210c6025f70
Event: 145.851 Thread 0x00000210c6022460 Thread exited: 0x00000210c6022460
Event: 200.734 Thread 0x00000210c6021740 Thread added: 0x00000210c6021740
Event: 200.735 Thread 0x00000210c6025f70 Thread added: 0x00000210c6025f70
Event: 205.071 Thread 0x00000210c6021740 Thread exited: 0x00000210c6021740
Event: 246.694 Thread 0x00000210c6022460 Thread added: 0x00000210c6022460
Event: 246.695 Thread 0x00000210c80b95a0 Thread added: 0x00000210c80b95a0
Event: 251.490 Thread 0x00000210c6022460 Thread exited: 0x00000210c6022460


Dynamic libraries:
0x00007ff67fa80000 - 0x00007ff67fa90000 	C:\Program Files\Java\jdk-22\bin\java.exe
0x00007ffd91240000 - 0x00007ffd9142e000 	C:\Windows\SYSTEM32\ntdll.dll
0x00007ffd90e30000 - 0x00007ffd90ee3000 	C:\Windows\System32\KERNEL32.DLL
0x00007ffd8dee0000 - 0x00007ffd8e17d000 	C:\Windows\System32\KERNELBASE.dll
0x00007ffd8e260000 - 0x00007ffd8e35a000 	C:\Windows\System32\ucrtbase.dll
0x00007ffd81760000 - 0x00007ffd81777000 	C:\Program Files\Java\jdk-22\bin\jli.dll
0x00007ffd89dd0000 - 0x00007ffd89deb000 	C:\Program Files\Java\jdk-22\bin\VCRUNTIME140.dll
0x00007ffd904a0000 - 0x00007ffd90547000 	C:\Windows\System32\ADVAPI32.dll
0x00007ffd90a60000 - 0x00007ffd90afe000 	C:\Windows\System32\msvcrt.dll
0x00007ffd909c0000 - 0x00007ffd90a5f000 	C:\Windows\System32\sechost.dll
0x00007ffd908a0000 - 0x00007ffd909be000 	C:\Windows\System32\RPCRT4.dll
0x00007ffd8e680000 - 0x00007ffd8e817000 	C:\Windows\System32\USER32.dll
0x00007ffd7ef50000 - 0x00007ffd7f1c9000 	C:\Windows\WinSxS\amd64_microsoft.windows.common-controls_6595b64144ccf1df_6.0.17763.5122_none_de6fbcf2534c9850\COMCTL32.dll
0x00007ffd8dcf0000 - 0x00007ffd8dd10000 	C:\Windows\System32\win32u.dll
0x00007ffd90b00000 - 0x00007ffd90e2b000 	C:\Windows\System32\combase.dll
0x00007ffd90470000 - 0x00007ffd90499000 	C:\Windows\System32\GDI32.dll
0x00007ffd8e1d0000 - 0x00007ffd8e252000 	C:\Windows\System32\bcryptPrimitives.dll
0x00007ffd8dd30000 - 0x00007ffd8dedb000 	C:\Windows\System32\gdi32full.dll
0x00007ffd8dc50000 - 0x00007ffd8dcf0000 	C:\Windows\System32\msvcp_win.dll
0x00007ffd87040000 - 0x00007ffd8704a000 	C:\Windows\SYSTEM32\VERSION.dll
0x00007ffd8ee50000 - 0x00007ffd8ee7e000 	C:\Windows\System32\IMM32.DLL
0x00007ffd8ae20000 - 0x00007ffd8ae2c000 	C:\Program Files\Java\jdk-22\bin\vcruntime140_1.dll
0x00007ffd74b50000 - 0x00007ffd74bde000 	C:\Program Files\Java\jdk-22\bin\msvcp140.dll
0x00007ffd549b0000 - 0x00007ffd556f8000 	C:\Program Files\Java\jdk-22\bin\server\jvm.dll
0x00007ffd8d250000 - 0x00007ffd8d2ad000 	C:\Windows\System32\POWRPROF.dll
0x00007ffd90790000 - 0x00007ffd907fd000 	C:\Windows\System32\WS2_32.dll
0x00007ffd8ade0000 - 0x00007ffd8ae04000 	C:\Windows\SYSTEM32\WINMM.dll
0x00007ffd8adb0000 - 0x00007ffd8addd000 	C:\Windows\SYSTEM32\WINMMBASE.dll
0x00007ffd8e180000 - 0x00007ffd8e1ca000 	C:\Windows\System32\cfgmgr32.dll
0x00007ffd8d2b0000 - 0x00007ffd8d2c1000 	C:\Windows\System32\kernel.appcore.dll
0x00007ffd89dc0000 - 0x00007ffd89dca000 	C:\Program Files\Java\jdk-22\bin\jimage.dll
0x00007ffd7c3c0000 - 0x00007ffd7c5ad000 	C:\Windows\SYSTEM32\DBGHELP.DLL
0x00007ffd7c390000 - 0x00007ffd7c3ba000 	C:\Windows\SYSTEM32\dbgcore.DLL
0x00007ffd89530000 - 0x00007ffd8954e000 	C:\Program Files\Java\jdk-22\bin\java.dll
0x00007ffd8ee80000 - 0x00007ffd90378000 	C:\Windows\System32\SHELL32.dll
0x00007ffd905b0000 - 0x00007ffd90657000 	C:\Windows\System32\shcore.dll
0x00007ffd8d500000 - 0x00007ffd8dc47000 	C:\Windows\System32\windows.storage.dll
0x00007ffd8d220000 - 0x00007ffd8d243000 	C:\Windows\System32\profapi.dll
0x00007ffd90380000 - 0x00007ffd903d2000 	C:\Windows\System32\shlwapi.dll
0x00007ffd8dd10000 - 0x00007ffd8dd2b000 	C:\Windows\System32\cryptsp.dll
0x00007ffd8e520000 - 0x00007ffd8e676000 	C:\Windows\System32\ole32.dll
0x00007ffd7a320000 - 0x00007ffd7a3f7000 	C:\Program Files\Java\jdk-22\bin\jsvml.dll
0x00007ffd82650000 - 0x00007ffd82660000 	C:\Program Files\Java\jdk-22\bin\net.dll
0x00007ffd8ca70000 - 0x00007ffd8cad7000 	C:\Windows\system32\mswsock.dll
0x00007ffd82630000 - 0x00007ffd82646000 	C:\Program Files\Java\jdk-22\bin\nio.dll
0x00007ffd82590000 - 0x00007ffd825a7000 	C:\Program Files\Java\jdk-22\bin\zip.dll
0x00007ffd5ead0000 - 0x00007ffd5ec5e000 	C:\Program Files\Java\jdk-22\bin\awt.dll
0x00007ffd91170000 - 0x00007ffd91234000 	C:\Windows\System32\OLEAUT32.dll
0x00007ffd8b450000 - 0x00007ffd8b4dc000 	C:\Windows\SYSTEM32\apphelp.dll
0x00007ffd8b600000 - 0x00007ffd8b69c000 	C:\Windows\system32\uxtheme.dll
0x00007ffd91000000 - 0x00007ffd9116a000 	C:\Windows\System32\MSCTF.dll
0x00007ffd8b880000 - 0x00007ffd8b8ae000 	C:\Windows\system32\dwmapi.dll
0x00007ffd8d2f0000 - 0x00007ffd8d4f4000 	C:\Windows\System32\CRYPT32.dll
0x00007ffd8d2d0000 - 0x00007ffd8d2e2000 	C:\Windows\System32\MSASN1.dll
0x00007ffd74830000 - 0x00007ffd748b7000 	C:\Program Files\Java\jdk-22\bin\freetype.dll
0x00007ffd736f0000 - 0x00007ffd737c7000 	C:\Program Files\Java\jdk-22\bin\fontmanager.dll
0x00007ffd5e520000 - 0x00007ffd5e647000 	C:\Windows\system32\opengl32.dll
0x00007ffd81780000 - 0x00007ffd817ac000 	C:\Windows\SYSTEM32\GLU32.dll
0x00007ffd72cb0000 - 0x00007ffd72e4d000 	C:\Windows\system32\d3d9.dll
0x00007ffd52cc0000 - 0x00007ffd53d76000 	C:\Windows\SYSTEM32\nvd3dumx.dll
0x00007ffd90460000 - 0x00007ffd90468000 	C:\Windows\System32\PSAPI.DLL
0x00007ffd86eb0000 - 0x00007ffd8701c000 	C:\Program Files (x86)\NVIDIA Corporation\3D Vision\nvSCPAPI64.dll
0x00007ffd8e820000 - 0x00007ffd8ec96000 	C:\Windows\System32\SETUPAPI.dll
0x00007ffd8e3c0000 - 0x00007ffd8e3e6000 	C:\Windows\System32\bcrypt.dll
0x00007ffd90ef0000 - 0x00007ffd90f98000 	C:\Windows\System32\clbcatq.dll
0x00007ffd883e0000 - 0x00007ffd88598000 	C:\Windows\SYSTEM32\WindowsCodecs.dll
0x00007ffd79170000 - 0x00007ffd791c6000 	C:\Windows\system32\dataexchange.dll
0x00007ffd89f40000 - 0x00007ffd8a1be000 	C:\Windows\system32\d3d11.dll
0x00007ffd8abe0000 - 0x00007ffd8ada3000 	C:\Windows\system32\dcomp.dll
0x00007ffd8bf00000 - 0x00007ffd8bfc2000 	C:\Windows\system32\dxgi.dll
0x00007ffd8b960000 - 0x00007ffd8bb6c000 	C:\Windows\system32\twinapi.appcore.dll
0x00007ffd8bb90000 - 0x00007ffd8bbb8000 	C:\Windows\system32\RMCLIENT.dll
0x00007ffd7f1e0000 - 0x00007ffd7f1f2000 	C:\Program Files\Java\jdk-22\bin\jsound.dll
0x00007ffd71120000 - 0x00007ffd711b6000 	C:\Windows\SYSTEM32\DSOUND.dll
0x00007ffd86240000 - 0x00007ffd862b0000 	C:\Windows\System32\MMDevApi.dll
0x00007ffd8d040000 - 0x00007ffd8d069000 	C:\Windows\System32\DEVOBJ.dll
0x00007ffd89bc0000 - 0x00007ffd89d69000 	C:\Windows\System32\PROPSYS.dll
0x00007ffd7b5e0000 - 0x00007ffd7b624000 	C:\Windows\SYSTEM32\wdmaud.drv
0x00007ffd89a80000 - 0x00007ffd89a89000 	C:\Windows\SYSTEM32\ksuser.dll
0x00007ffd88d00000 - 0x00007ffd88d0a000 	C:\Windows\SYSTEM32\AVRT.dll
0x00007ffd7bd80000 - 0x00007ffd7beca000 	C:\Windows\SYSTEM32\AUDIOSES.DLL
0x00007ffd89210000 - 0x00007ffd89361000 	C:\Windows\SYSTEM32\wintypes.dll
0x00007ffd81950000 - 0x00007ffd8195d000 	C:\Windows\SYSTEM32\msacm32.drv
0x00007ffd7ef30000 - 0x00007ffd7ef4c000 	C:\Windows\SYSTEM32\MSACM32.dll
0x00007ffd81940000 - 0x00007ffd8194a000 	C:\Windows\SYSTEM32\midimap.dll
0x00007ffd8bb70000 - 0x00007ffd8bb84000 	C:\Windows\SYSTEM32\resourcepolicyclient.dll
0x00007ffd811e0000 - 0x00007ffd81273000 	C:\Windows\System32\TextInputFramework.dll
0x00007ffd885d0000 - 0x00007ffd888f2000 	C:\Windows\System32\CoreUIComponents.dll
0x00007ffd8b240000 - 0x00007ffd8b321000 	C:\Windows\System32\CoreMessaging.dll
0x00007ffd8c250000 - 0x00007ffd8c281000 	C:\Windows\SYSTEM32\ntmarta.dll
0x00007ffd81280000 - 0x00007ffd813b0000 	C:\Windows\System32\Windows.UI.dll
0x00007ffd81110000 - 0x00007ffd811dd000 	C:\Windows\System32\InputHost.dll
0x00007ffd8a620000 - 0x00007ffd8abde000 	C:\Windows\System32\d2d1.dll
0x00007ffd8c7c0000 - 0x00007ffd8c886000 	C:\Windows\SYSTEM32\DNSAPI.dll
0x00007ffd90810000 - 0x00007ffd90818000 	C:\Windows\System32\NSI.dll
0x00007ffd8c780000 - 0x00007ffd8c7bd000 	C:\Windows\SYSTEM32\IPHLPAPI.DLL
0x00007ffd859f0000 - 0x00007ffd859fa000 	C:\Windows\System32\rasadhlp.dll
0x00007ffd85d10000 - 0x00007ffd85d89000 	C:\Windows\System32\fwpuclnt.dll
0x00007ffd82570000 - 0x00007ffd82579000 	C:\Program Files\Java\jdk-22\bin\extnet.dll

dbghelp: loaded successfully - version: 4.0.5 - missing functions: none
symbol engine: initialized successfully - sym options: 0x614 - pdb path: .;C:\Program Files\Java\jdk-22\bin;C:\Windows\SYSTEM32;C:\Windows\WinSxS\amd64_microsoft.windows.common-controls_6595b64144ccf1df_6.0.17763.5122_none_de6fbcf2534c9850;C:\Program Files\Java\jdk-22\bin\server;C:\Program Files (x86)\NVIDIA Corporation\3D Vision

VM Arguments:
jvm_args: -Dfile.encoding=UTF-8 --module-path=C:\Users\Nick\Documents\Ejercicios_Java\Painbal\build\classes 
java_command: Vistas.Login
java_class_path (initial): C:\Program Files\NetBeans-21\netbeans\java\modules\ext\AbsoluteLayout.jar;C:\Users\Nick\Documents\mysql-connector-j-8.0.31.jar;C:\Users\Nick\Documents\Ejercicios_Java\Painbal\build\classes
Launcher Type: SUN_STANDARD

[Global flags]
     intx CICompilerCount                          = 3                                         {product} {ergonomic}
     uint ConcGCThreads                            = 1                                         {product} {ergonomic}
     uint G1ConcRefinementThreads                  = 4                                         {product} {ergonomic}
   size_t G1HeapRegionSize                         = 1048576                                   {product} {ergonomic}
   size_t InitialHeapSize                          = 100663296                                 {product} {ergonomic}
   size_t MarkStackSize                            = 4194304                                   {product} {ergonomic}
   size_t MaxHeapSize                              = 1602224128                                {product} {ergonomic}
   size_t MaxNewSize                               = 960495616                                 {product} {ergonomic}
   size_t MinHeapDeltaBytes                        = 1048576                                   {product} {ergonomic}
   size_t MinHeapSize                              = 8388608                                   {product} {ergonomic}
    uintx NonNMethodCodeHeapSize                   = 5832780                                {pd product} {ergonomic}
    uintx NonProfiledCodeHeapSize                  = 122912730                              {pd product} {ergonomic}
    uintx ProfiledCodeHeapSize                     = 122912730                              {pd product} {ergonomic}
    uintx ReservedCodeCacheSize                    = 251658240                              {pd product} {ergonomic}
     bool SegmentedCodeCache                       = true                                      {product} {ergonomic}
   size_t SoftMaxHeapSize                          = 1602224128                             {manageable} {ergonomic}
     bool UseCompressedOops                        = true                           {product lp64_product} {ergonomic}
     bool UseG1GC                                  = true                                      {product} {ergonomic}
     bool UseLargePagesIndividualAllocation        = false                                  {pd product} {ergonomic}

Logging:
Log output configuration:
 #0: stdout all=warning uptime,level,tags foldmultilines=false
 #1: stderr all=off uptime,level,tags foldmultilines=false

Environment Variables:
PATH=C:\Program Files\Common Files\Oracle\Java\javapath;C:\Windows\system32;C:\Windows;C:\Windows\System32\Wbem;C:\Windows\System32\WindowsPowerShell\v1.0\;C:\Windows\System32\OpenSSH\;C:\Program Files\MySQL\MySQL Shell 8.0\bin\;C:\Users\Nick\AppData\Local\Microsoft\WindowsApps;
USERNAME=Nick
OS=Windows_NT
PROCESSOR_IDENTIFIER=Intel64 Family 6 Model 58 Stepping 9, GenuineIntel
TMP=C:\Users\Nick\AppData\Local\Temp
TEMP=C:\Users\Nick\AppData\Local\Temp




Periodic native trim disabled

---------------  S Y S T E M  ---------------

OS:
 Windows 10 , 64 bit Build 17763 (10.0.17763.4974)
OS uptime: 0 days 1:11 hours

CPU: total 4 (initial active 4) (2 cores per cpu, 2 threads per core) family 6 model 58 stepping 9 microcode 0x1f, cx8, cmov, fxsr, ht, mmx, sse, sse2, sse3, ssse3, sse4.1, sse4.2, popcnt, tsc, tscinvbit, avx, erms, clmul, vzeroupper, clflush, rdtscp, f16c
Processor Information for all 4 processors :
  Max Mhz: 3300, Current Mhz: 3300, Mhz Limit: 3300

Memory: 4k page, system-wide physical 6107M (1852M free)
TotalPageFile size 7451M (AvailPageFile size 2722M)
current process WorkingSet (physical memory assigned to process): 284M, peak: 352M
current process commit charge ("private bytes"): 263M, peak: 332M

vm_info: Java HotSpot(TM) 64-Bit Server VM (22+36-2370) for windows-amd64 JRE (22+36-2370), built on 2024-02-15T22:15:19Z by "mach5one" with MS VC++ 17.6 (VS2022)

END.
